2025-11-21 10:51:36 - AudioVizMIDI - INFO - [logger.py:63] - Logging system initialized
2025-11-21 10:51:36 - AudioVizMIDI - INFO - [logger.py:64] - Log file: logs/audioviz_20251121_105136.log
2025-11-21 10:51:36 - AudioVizMIDI - INFO - [main.py:18] - ============================================================
2025-11-21 10:51:36 - AudioVizMIDI - INFO - [main.py:19] - AudioViz MIDI Application Starting
2025-11-21 10:51:36 - AudioVizMIDI - INFO - [main.py:20] - AudioViz MIDI v0.2.0-dev Starting
2025-11-21 10:51:36 - AudioVizMIDI - INFO - [main.py:21] - ============================================================
2025-11-21 10:51:36 - AudioVizMIDI.utils.config - INFO - [config.py:84] - Configuration loaded from config.json
2025-11-21 10:51:36 - AudioVizMIDI - INFO - [main.py:30] - Application: AudioViz MIDI
2025-11-21 10:51:36 - AudioVizMIDI - INFO - [main.py:31] - Config Version: 0.2.0-dev
2025-11-21 10:51:37 - AudioVizMIDI.playback.playback_controller - INFO - [playback_controller.py:75] - Pygame mixer initialized
2025-11-21 10:51:37 - AudioVizMIDI.playback.playback_controller - INFO - [playback_controller.py:63] - PlaybackController initialized
2025-11-21 10:51:37 - AudioVizMIDI.export.midi_exporter - INFO - [midi_exporter.py:38] - MIDIExporter initialized
2025-11-21 10:51:37 - AudioVizMIDI.export.json_exporter - INFO - [json_exporter.py:37] - JSONExporter initialized
2025-11-21 10:51:37 - AudioVizMIDI.utils.performance_monitor - INFO - [performance_monitor.py:29] - PerformanceMonitor initialized
2025-11-21 10:51:37 - AudioVizMIDI.utils.performance_monitor - INFO - [performance_monitor.py:94] - 💾 Application start Memory: 65.7 MB (RSS), 296.9 MB (VMS)
2025-11-21 10:51:37 - AudioVizMIDI.visualization.theme_manager - INFO - [theme_manager.py:207] - ThemeManager initialized with 3 themes
2025-11-21 10:51:37 - AudioVizMIDI.visualization.pygame_widget - INFO - [pygame_widget.py:90] - Pygame initialized with surface size: (800, 480)
2025-11-21 10:51:38 - AudioVizMIDI.visualization.pygame_widget - INFO - [pygame_widget.py:119] - Pygame initialized with surface size: (800, 480)
2025-11-21 10:51:38 - AudioVizMIDI.visualization.pygame_widget - INFO - [pygame_widget.py:54] - PygameWidget initialized
2025-11-21 10:51:38 - AudioVizMIDI.gui.main_window - INFO - [main_window.py:375] - Keyboard shortcuts configured
2025-11-21 10:51:38 - AudioVizMIDI.gui.main_window - INFO - [main_window.py:73] - Main window initialized
2025-11-21 10:51:38 - AudioVizMIDI - INFO - [main.py:47] - Main window displayed
2025-11-21 10:51:38 - AudioVizMIDI - INFO - [main.py:48] - Application ready
2025-11-21 10:51:38 - AudioVizMIDI.visualization.pygame_widget - WARNING - [pygame_widget.py:168] - Low FPS: 0.8 (target: 60)
2025-11-21 10:51:39 - AudioVizMIDI.visualization.pygame_widget - WARNING - [pygame_widget.py:168] - Low FPS: 39.9 (target: 60)
2025-11-21 10:51:40 - AudioVizMIDI.utils.performance_monitor - INFO - [performance_monitor.py:140] - ============================================================
2025-11-21 10:51:40 - AudioVizMIDI.utils.performance_monitor - INFO - [performance_monitor.py:141] - Performance Summary
2025-11-21 10:51:40 - AudioVizMIDI.utils.performance_monitor - INFO - [performance_monitor.py:142] - ============================================================
2025-11-21 10:51:40 - AudioVizMIDI.utils.performance_monitor - INFO - [performance_monitor.py:94] - 💾 Final Memory: 92.0 MB (RSS), 310.9 MB (VMS)
2025-11-21 10:51:40 - AudioVizMIDI.utils.performance_monitor - INFO - [performance_monitor.py:113] - 🔥 CPU Usage: 0.0%
2025-11-21 10:51:40 - AudioVizMIDI.utils.performance_monitor - INFO - [performance_monitor.py:161] - ============================================================
2025-11-21 10:51:40 - AudioVizMIDI.playback.playback_controller - INFO - [playback_controller.py:310] - Cleaning up playback controller
2025-11-21 10:51:40 - AudioVizMIDI.visualization.pygame_widget - INFO - [pygame_widget.py:272] - Cleaning up Pygame resources
2025-11-21 10:51:40 - AudioVizMIDI.utils.config - INFO - [config.py:101] - Configuration saved to config.json
2025-11-21 10:51:40 - AudioVizMIDI.gui.main_window - INFO - [main_window.py:1420] - Main window closing
2025-11-21 10:51:40 - AudioVizMIDI - INFO - [main.py:53] - Application shutting down
2025-11-21 10:51:40 - AudioVizMIDI - INFO - [main.py:54] - Exit code: 0
