2025-11-21 10:39:29 - AudioVizMIDI - INFO - [logger.py:63] - Logging system initialized
2025-11-21 10:39:29 - AudioVizMIDI - INFO - [logger.py:64] - Log file: logs/audioviz_20251121_103929.log
2025-11-21 10:39:29 - AudioVizMIDI - INFO - [main.py:18] - ============================================================
2025-11-21 10:39:29 - AudioVizMIDI - INFO - [main.py:19] - AudioViz MIDI Application Starting
2025-11-21 10:39:29 - AudioVizMIDI - INFO - [main.py:20] - AudioViz MIDI v0.2.0-dev Starting
2025-11-21 10:39:29 - AudioVizMIDI - INFO - [main.py:21] - ============================================================
2025-11-21 10:39:29 - AudioVizMIDI.utils.config - INFO - [config.py:84] - Configuration loaded from config.json
2025-11-21 10:39:29 - AudioVizMIDI - INFO - [main.py:30] - Application: AudioViz MIDI
2025-11-21 10:39:29 - AudioVizMIDI - INFO - [main.py:31] - Config Version: 0.2.0-dev
2025-11-21 10:39:30 - AudioVizMIDI.playback.playback_controller - INFO - [playback_controller.py:75] - Pygame mixer initialized
2025-11-21 10:39:30 - AudioVizMIDI.playback.playback_controller - INFO - [playback_controller.py:63] - PlaybackController initialized
2025-11-21 10:39:30 - AudioVizMIDI.export.midi_exporter - INFO - [midi_exporter.py:38] - MIDIExporter initialized
2025-11-21 10:39:30 - AudioVizMIDI.export.json_exporter - INFO - [json_exporter.py:37] - JSONExporter initialized
2025-11-21 10:39:30 - AudioVizMIDI.utils.performance_monitor - INFO - [performance_monitor.py:29] - PerformanceMonitor initialized
2025-11-21 10:39:30 - AudioVizMIDI.utils.performance_monitor - INFO - [performance_monitor.py:94] - 💾 Application start Memory: 65.9 MB (RSS), 297.0 MB (VMS)
2025-11-21 10:39:30 - AudioVizMIDI.visualization.theme_manager - INFO - [theme_manager.py:207] - ThemeManager initialized with 3 themes
2025-11-21 10:39:30 - AudioVizMIDI.visualization.pygame_widget - INFO - [pygame_widget.py:90] - Pygame initialized with surface size: (800, 480)
2025-11-21 10:39:30 - AudioVizMIDI.visualization.pygame_widget - INFO - [pygame_widget.py:119] - Pygame initialized with surface size: (800, 480)
2025-11-21 10:39:30 - AudioVizMIDI.visualization.pygame_widget - INFO - [pygame_widget.py:54] - PygameWidget initialized
2025-11-21 10:39:30 - AudioVizMIDI.gui.main_window - INFO - [main_window.py:375] - Keyboard shortcuts configured
2025-11-21 10:39:30 - AudioVizMIDI.gui.main_window - INFO - [main_window.py:73] - Main window initialized
2025-11-21 10:39:30 - AudioVizMIDI - INFO - [main.py:47] - Main window displayed
2025-11-21 10:39:30 - AudioVizMIDI - INFO - [main.py:48] - Application ready
2025-11-21 10:39:31 - AudioVizMIDI.visualization.pygame_widget - WARNING - [pygame_widget.py:168] - Low FPS: 2.0 (target: 60)
2025-11-21 10:39:36 - AudioVizMIDI.gui.main_window - INFO - [main_window.py:602] - Open file dialog triggered
2025-11-21 10:39:37 - AudioVizMIDI.visualization.pygame_widget - WARNING - [pygame_widget.py:168] - Low FPS: 18.8 (target: 60)
2025-11-21 10:39:38 - AudioVizMIDI.gui.main_window - INFO - [main_window.py:618] - File selected: C:/Users/brice.saah/Desktop/ASMR test  (Add Vocal).mp3
2025-11-21 10:39:38 - AudioVizMIDI.utils.config - INFO - [config.py:101] - Configuration saved to config.json
2025-11-21 10:39:38 - AudioVizMIDI.gui.main_window - INFO - [main_window.py:635] - File loaded successfully via menu: ASMR test  (Add Vocal).mp3
2025-11-21 10:39:39 - AudioVizMIDI.visualization.pygame_widget - WARNING - [pygame_widget.py:168] - Low FPS: 46.5 (target: 60)
2025-11-21 10:39:43 - AudioVizMIDI.gui.main_window - INFO - [main_window.py:708] - ============================================================
2025-11-21 10:39:43 - AudioVizMIDI.gui.main_window - INFO - [main_window.py:709] - Starting transcription process...
2025-11-21 10:39:43 - AudioVizMIDI.gui.main_window - INFO - [main_window.py:710] - ============================================================
2025-11-21 10:39:43 - AudioVizMIDI.gui.main_window - INFO - [main_window.py:747] - Background processing thread started
2025-11-21 10:39:43 - AudioVizMIDI.gui.processing_thread - INFO - [processing_thread.py:49] - ============================================================
2025-11-21 10:39:43 - AudioVizMIDI.gui.processing_thread - INFO - [processing_thread.py:50] - Starting Audio-to-MIDI Transcription
2025-11-21 10:39:43 - AudioVizMIDI.gui.processing_thread - INFO - [processing_thread.py:51] - ============================================================
2025-11-21 10:39:43 - AudioVizMIDI.utils.performance_monitor - INFO - [performance_monitor.py:94] - 💾 Start Memory: 124.0 MB (RSS), 321.7 MB (VMS)
2025-11-21 10:39:43 - AudioVizMIDI.gui.processing_thread - INFO - [processing_thread.py:59] - Step 1: Loading audio...
2025-11-21 10:39:43 - AudioVizMIDI.utils.config - INFO - [config.py:84] - Configuration loaded from config.json
2025-11-21 10:39:43 - AudioVizMIDI.audio.audio_loader - INFO - [audio_loader.py:53] - AudioLoader initialized
2025-11-21 10:39:43 - AudioVizMIDI.audio.audio_loader - INFO - [audio_loader.py:73] - Loading audio file: C:/Users/brice.saah/Desktop/ASMR test  (Add Vocal).mp3
2025-11-21 10:39:47 - AudioVizMIDI.audio.audio_loader - INFO - [audio_loader.py:98] - Audio loaded successfully
2025-11-21 10:39:47 - AudioVizMIDI.audio.audio_loader - INFO - [audio_loader.py:112] - Preprocessing complete. Duration: 196.80s
2025-11-21 10:39:47 - AudioVizMIDI.utils.performance_monitor - INFO - [performance_monitor.py:63] - ⏱️  audio_loading: 4.732s
2025-11-21 10:39:47 - AudioVizMIDI.utils.performance_monitor - INFO - [performance_monitor.py:94] - 💾 After audio loading Memory: 276.8 MB (RSS), 661.3 MB (VMS)
2025-11-21 10:39:47 - AudioVizMIDI.gui.processing_thread - INFO - [processing_thread.py:72] - Audio loaded: 196.80s, 22050 Hz
2025-11-21 10:39:47 - AudioVizMIDI.gui.processing_thread - INFO - [processing_thread.py:77] - Step 2: Detecting pitch...
2025-11-21 10:39:47 - AudioVizMIDI.utils.config - INFO - [config.py:84] - Configuration loaded from config.json
2025-11-21 10:39:47 - AudioVizMIDI.audio.pitch_detector - INFO - [pitch_detector.py:51] - PitchDetector initialized with algorithm: piptrack
2025-11-21 10:39:47 - AudioVizMIDI.audio.pitch_detector - INFO - [pitch_detector.py:78] - Starting pitch detection using piptrack algorithm...
2025-11-21 10:39:48 - AudioVizMIDI.audio.pitch_detector - INFO - [pitch_detector.py:101] - Pitch detection complete
2025-11-21 10:39:48 - AudioVizMIDI.utils.performance_monitor - INFO - [performance_monitor.py:63] - ⏱️  pitch_detection: 1.091s
2025-11-21 10:39:48 - AudioVizMIDI.utils.performance_monitor - INFO - [performance_monitor.py:94] - 💾 After pitch detection Memory: 280.1 MB (RSS), 664.3 MB (VMS)
2025-11-21 10:39:48 - AudioVizMIDI.gui.processing_thread - INFO - [processing_thread.py:92] - Pitch detection: 8466 frames detected
2025-11-21 10:39:48 - AudioVizMIDI.gui.processing_thread - INFO - [processing_thread.py:97] - Step 3: Detecting onsets...
2025-11-21 10:39:48 - AudioVizMIDI.utils.config - INFO - [config.py:84] - Configuration loaded from config.json
2025-11-21 10:39:48 - AudioVizMIDI.audio.onset_detector - INFO - [onset_detector.py:51] - OnsetDetector initialized
2025-11-21 10:39:48 - AudioVizMIDI.audio.onset_detector - INFO - [onset_detector.py:72] - Detecting onsets using 'energy' method...
2025-11-21 10:39:49 - AudioVizMIDI.audio.onset_detector - INFO - [onset_detector.py:115] - Onset detection complete: 428 onsets detected
2025-11-21 10:39:49 - AudioVizMIDI.utils.performance_monitor - INFO - [performance_monitor.py:63] - ⏱️  onset_detection: 0.803s
2025-11-21 10:39:49 - AudioVizMIDI.gui.processing_thread - INFO - [processing_thread.py:109] - Onset detection: 428 onsets found
2025-11-21 10:39:49 - AudioVizMIDI.gui.processing_thread - INFO - [processing_thread.py:114] - Step 4: Converting to MIDI...
2025-11-21 10:39:49 - AudioVizMIDI.utils.config - INFO - [config.py:84] - Configuration loaded from config.json
2025-11-21 10:39:49 - AudioVizMIDI.midi.midi_converter - INFO - [midi_converter.py:41] - MIDIConverter initialized
2025-11-21 10:39:49 - AudioVizMIDI.midi.midi_converter - INFO - [midi_converter.py:63] - Converting audio analysis to MIDI notes...
2025-11-21 10:39:49 - AudioVizMIDI.midi.midi_converter - INFO - [midi_converter.py:75] - Conversion complete: 417 notes created
2025-11-21 10:39:49 - AudioVizMIDI.utils.performance_monitor - INFO - [performance_monitor.py:63] - ⏱️  midi_conversion: 0.095s
2025-11-21 10:39:49 - AudioVizMIDI.gui.processing_thread - INFO - [processing_thread.py:127] - MIDI conversion: 417 notes created
2025-11-21 10:39:49 - AudioVizMIDI.gui.processing_thread - INFO - [processing_thread.py:132] - Step 5: Quantizing notes...
2025-11-21 10:39:49 - AudioVizMIDI.utils.config - INFO - [config.py:84] - Configuration loaded from config.json
2025-11-21 10:39:49 - AudioVizMIDI.midi.note_quantizer - INFO - [note_quantizer.py:49] - NoteQuantizer initialized
2025-11-21 10:39:49 - AudioVizMIDI.midi.note_quantizer - INFO - [note_quantizer.py:63] - Starting note quantization...
2025-11-21 10:39:49 - AudioVizMIDI.midi.note_quantizer - INFO - [note_quantizer.py:196] - Merged 54 adjacent note pairs
2025-11-21 10:39:49 - AudioVizMIDI.midi.note_quantizer - INFO - [note_quantizer.py:243] - Filled 2 gaps
2025-11-21 10:39:49 - AudioVizMIDI.midi.note_quantizer - INFO - [note_quantizer.py:99] - Quantization complete: 417 -> 363 notes
2025-11-21 10:39:49 - AudioVizMIDI.utils.performance_monitor - INFO - [performance_monitor.py:63] - ⏱️  quantization: 0.032s
2025-11-21 10:39:49 - AudioVizMIDI.utils.performance_monitor - INFO - [performance_monitor.py:94] - 💾 After quantization Memory: 284.1 MB (RSS), 664.4 MB (VMS)
2025-11-21 10:39:49 - AudioVizMIDI.gui.processing_thread - INFO - [processing_thread.py:144] - Quantization: 363 notes (filtered from 417)
2025-11-21 10:39:49 - AudioVizMIDI.utils.performance_monitor - INFO - [performance_monitor.py:63] - ⏱️  transcription: 6.809s
2025-11-21 10:39:49 - AudioVizMIDI.gui.processing_thread - INFO - [processing_thread.py:151] - ============================================================
2025-11-21 10:39:49 - AudioVizMIDI.gui.processing_thread - INFO - [processing_thread.py:152] - Transcription Complete!
2025-11-21 10:39:49 - AudioVizMIDI.gui.processing_thread - INFO - [processing_thread.py:153] - Total notes: 363
2025-11-21 10:39:49 - AudioVizMIDI.gui.processing_thread - INFO - [processing_thread.py:154] - Duration: 196.51s
2025-11-21 10:39:49 - AudioVizMIDI.gui.processing_thread - INFO - [processing_thread.py:155] - Pitch range: (40, 79)
2025-11-21 10:39:49 - AudioVizMIDI.gui.processing_thread - INFO - [processing_thread.py:156] - Total processing time: 6.81s
2025-11-21 10:39:49 - AudioVizMIDI.gui.processing_thread - INFO - [processing_thread.py:157] - ============================================================
2025-11-21 10:39:49 - AudioVizMIDI.gui.main_window - INFO - [main_window.py:770] - Processing completed successfully!
2025-11-21 10:39:49 - AudioVizMIDI.visualization.theme_manager - INFO - [theme_manager.py:207] - ThemeManager initialized with 3 themes
2025-11-21 10:39:49 - AudioVizMIDI.visualization.theme_manager - INFO - [theme_manager.py:234] - Theme changed to: Studio Light
2025-11-21 10:39:49 - AudioVizMIDI.visualization.piano_roll_renderer - INFO - [piano_roll_renderer.py:77] - Theme loaded: Studio Light
2025-11-21 10:39:49 - AudioVizMIDI.visualization.piano_roll_renderer - INFO - [piano_roll_renderer.py:115] - PianoRollRenderer initialized
2025-11-21 10:39:49 - AudioVizMIDI.visualization.piano_roll_renderer - INFO - [piano_roll_renderer.py:133] - MIDI data set: 363 notes, pitch range 37-82
2025-11-21 10:39:49 - AudioVizMIDI.visualization.pygame_widget - INFO - [pygame_widget.py:226] - Renderer set: PianoRollRenderer
2025-11-21 10:39:49 - AudioVizMIDI.visualization.piano_roll_renderer - INFO - [piano_roll_renderer.py:133] - MIDI data set: 363 notes, pitch range 37-82
2025-11-21 10:39:49 - AudioVizMIDI.visualization.pygame_widget - INFO - [pygame_widget.py:237] - MIDI data passed to renderer
2025-11-21 10:39:49 - AudioVizMIDI.playback.playback_controller - INFO - [playback_controller.py:88] - Loading audio file: C:/Users/brice.saah/Desktop/ASMR test  (Add Vocal).mp3
2025-11-21 10:39:49 - AudioVizMIDI.playback.playback_controller - INFO - [playback_controller.py:104] - Audio loaded: duration=196.51s
2025-11-21 10:39:49 - AudioVizMIDI.gui.main_window - INFO - [main_window.py:800] - Audio loaded for playback
2025-11-21 10:40:04 - AudioVizMIDI.gui.main_window - INFO - [main_window.py:1225] - Window size reset to default
2025-11-21 10:40:12 - AudioVizMIDI.gui.control_panel - INFO - [control_panel.py:228] - Play button clicked
2025-11-21 10:40:12 - AudioVizMIDI.gui.main_window - INFO - [main_window.py:838] - Play requested from control panel
2025-11-21 10:40:12 - AudioVizMIDI.playback.playback_controller - INFO - [playback_controller.py:120] - Starting playback
2025-11-21 10:40:21 - AudioVizMIDI.gui.control_panel - INFO - [control_panel.py:273] - Playback speed changed to 0.75x
2025-11-21 10:40:21 - AudioVizMIDI.gui.main_window - INFO - [main_window.py:874] - Speed changed to 0.75x
2025-11-21 10:40:21 - AudioVizMIDI.playback.playback_controller - INFO - [playback_controller.py:233] - Speed change requested: 0.75x (not yet implemented)
2025-11-21 10:40:21 - AudioVizMIDI.playback.playback_controller - WARNING - [playback_controller.py:238] - Playback speed adjustment not available in pygame.mixer
2025-11-21 10:40:21 - AudioVizMIDI.gui.control_panel - INFO - [control_panel.py:273] - Playback speed changed to 0.5x
2025-11-21 10:40:21 - AudioVizMIDI.gui.main_window - INFO - [main_window.py:874] - Speed changed to 0.5x
2025-11-21 10:40:21 - AudioVizMIDI.playback.playback_controller - INFO - [playback_controller.py:233] - Speed change requested: 0.5x (not yet implemented)
2025-11-21 10:40:21 - AudioVizMIDI.playback.playback_controller - WARNING - [playback_controller.py:238] - Playback speed adjustment not available in pygame.mixer
2025-11-21 10:40:25 - AudioVizMIDI.gui.control_panel - INFO - [control_panel.py:273] - Playback speed changed to 0.75x
2025-11-21 10:40:25 - AudioVizMIDI.gui.main_window - INFO - [main_window.py:874] - Speed changed to 0.75x
2025-11-21 10:40:25 - AudioVizMIDI.playback.playback_controller - INFO - [playback_controller.py:233] - Speed change requested: 0.75x (not yet implemented)
2025-11-21 10:40:25 - AudioVizMIDI.playback.playback_controller - WARNING - [playback_controller.py:238] - Playback speed adjustment not available in pygame.mixer
2025-11-21 10:40:25 - AudioVizMIDI.gui.control_panel - INFO - [control_panel.py:273] - Playback speed changed to 1.0x
2025-11-21 10:40:25 - AudioVizMIDI.gui.main_window - INFO - [main_window.py:874] - Speed changed to 1.0x
2025-11-21 10:40:25 - AudioVizMIDI.playback.playback_controller - INFO - [playback_controller.py:233] - Speed change requested: 1.0x (not yet implemented)
2025-11-21 10:40:25 - AudioVizMIDI.playback.playback_controller - WARNING - [playback_controller.py:238] - Playback speed adjustment not available in pygame.mixer
2025-11-21 10:40:26 - AudioVizMIDI.gui.control_panel - INFO - [control_panel.py:273] - Playback speed changed to 1.25x
2025-11-21 10:40:26 - AudioVizMIDI.gui.main_window - INFO - [main_window.py:874] - Speed changed to 1.25x
2025-11-21 10:40:26 - AudioVizMIDI.playback.playback_controller - INFO - [playback_controller.py:233] - Speed change requested: 1.25x (not yet implemented)
2025-11-21 10:40:26 - AudioVizMIDI.playback.playback_controller - WARNING - [playback_controller.py:238] - Playback speed adjustment not available in pygame.mixer
2025-11-21 10:40:26 - AudioVizMIDI.gui.control_panel - INFO - [control_panel.py:273] - Playback speed changed to 1.5x
2025-11-21 10:40:26 - AudioVizMIDI.gui.main_window - INFO - [main_window.py:874] - Speed changed to 1.5x
2025-11-21 10:40:26 - AudioVizMIDI.playback.playback_controller - INFO - [playback_controller.py:233] - Speed change requested: 1.5x (not yet implemented)
2025-11-21 10:40:26 - AudioVizMIDI.playback.playback_controller - WARNING - [playback_controller.py:238] - Playback speed adjustment not available in pygame.mixer
2025-11-21 10:40:26 - AudioVizMIDI.gui.control_panel - INFO - [control_panel.py:273] - Playback speed changed to 2.0x
2025-11-21 10:40:26 - AudioVizMIDI.gui.main_window - INFO - [main_window.py:874] - Speed changed to 2.0x
2025-11-21 10:40:26 - AudioVizMIDI.playback.playback_controller - INFO - [playback_controller.py:233] - Speed change requested: 2.0x (not yet implemented)
2025-11-21 10:40:26 - AudioVizMIDI.playback.playback_controller - WARNING - [playback_controller.py:238] - Playback speed adjustment not available in pygame.mixer
2025-11-21 10:40:26 - AudioVizMIDI.playback.playback_controller - INFO - [playback_controller.py:199] - Seeking to 19.61s (10.0%)
2025-11-21 10:40:26 - AudioVizMIDI.playback.playback_controller - INFO - [playback_controller.py:199] - Seeking to 24.74s (12.6%)
2025-11-21 10:40:27 - AudioVizMIDI.playback.playback_controller - INFO - [playback_controller.py:199] - Seeking to 30.32s (15.4%)
2025-11-21 10:40:27 - AudioVizMIDI.playback.playback_controller - INFO - [playback_controller.py:199] - Seeking to 25.64s (13.0%)
2025-11-21 10:40:28 - AudioVizMIDI.playback.playback_controller - INFO - [playback_controller.py:199] - Seeking to 21.07s (10.7%)
2025-11-21 10:40:28 - AudioVizMIDI.visualization.pygame_widget - WARNING - [pygame_widget.py:168] - Low FPS: 46.6 (target: 60)
2025-11-21 10:40:31 - AudioVizMIDI.gui.control_panel - INFO - [control_panel.py:273] - Playback speed changed to 1.5x
2025-11-21 10:40:31 - AudioVizMIDI.gui.main_window - INFO - [main_window.py:874] - Speed changed to 1.5x
2025-11-21 10:40:31 - AudioVizMIDI.playback.playback_controller - INFO - [playback_controller.py:233] - Speed change requested: 1.5x (not yet implemented)
2025-11-21 10:40:31 - AudioVizMIDI.playback.playback_controller - WARNING - [playback_controller.py:238] - Playback speed adjustment not available in pygame.mixer
2025-11-21 10:40:31 - AudioVizMIDI.gui.control_panel - INFO - [control_panel.py:273] - Playback speed changed to 1.25x
2025-11-21 10:40:31 - AudioVizMIDI.gui.main_window - INFO - [main_window.py:874] - Speed changed to 1.25x
2025-11-21 10:40:31 - AudioVizMIDI.playback.playback_controller - INFO - [playback_controller.py:233] - Speed change requested: 1.25x (not yet implemented)
2025-11-21 10:40:31 - AudioVizMIDI.playback.playback_controller - WARNING - [playback_controller.py:238] - Playback speed adjustment not available in pygame.mixer
2025-11-21 10:40:31 - AudioVizMIDI.gui.control_panel - INFO - [control_panel.py:273] - Playback speed changed to 1.0x
2025-11-21 10:40:31 - AudioVizMIDI.gui.main_window - INFO - [main_window.py:874] - Speed changed to 1.0x
2025-11-21 10:40:31 - AudioVizMIDI.playback.playback_controller - INFO - [playback_controller.py:233] - Speed change requested: 1.0x (not yet implemented)
2025-11-21 10:40:31 - AudioVizMIDI.playback.playback_controller - WARNING - [playback_controller.py:238] - Playback speed adjustment not available in pygame.mixer
2025-11-21 10:40:32 - AudioVizMIDI.gui.control_panel - INFO - [control_panel.py:273] - Playback speed changed to 0.75x
2025-11-21 10:40:32 - AudioVizMIDI.gui.main_window - INFO - [main_window.py:874] - Speed changed to 0.75x
2025-11-21 10:40:32 - AudioVizMIDI.playback.playback_controller - INFO - [playback_controller.py:233] - Speed change requested: 0.75x (not yet implemented)
2025-11-21 10:40:32 - AudioVizMIDI.playback.playback_controller - WARNING - [playback_controller.py:238] - Playback speed adjustment not available in pygame.mixer
2025-11-21 10:40:32 - AudioVizMIDI.gui.control_panel - INFO - [control_panel.py:273] - Playback speed changed to 0.5x
2025-11-21 10:40:32 - AudioVizMIDI.gui.main_window - INFO - [main_window.py:874] - Speed changed to 0.5x
2025-11-21 10:40:32 - AudioVizMIDI.playback.playback_controller - INFO - [playback_controller.py:233] - Speed change requested: 0.5x (not yet implemented)
2025-11-21 10:40:32 - AudioVizMIDI.playback.playback_controller - WARNING - [playback_controller.py:238] - Playback speed adjustment not available in pygame.mixer
2025-11-21 10:40:32 - AudioVizMIDI.gui.control_panel - INFO - [control_panel.py:273] - Playback speed changed to 0.75x
2025-11-21 10:40:32 - AudioVizMIDI.gui.main_window - INFO - [main_window.py:874] - Speed changed to 0.75x
2025-11-21 10:40:32 - AudioVizMIDI.playback.playback_controller - INFO - [playback_controller.py:233] - Speed change requested: 0.75x (not yet implemented)
2025-11-21 10:40:32 - AudioVizMIDI.playback.playback_controller - WARNING - [playback_controller.py:238] - Playback speed adjustment not available in pygame.mixer
2025-11-21 10:40:32 - AudioVizMIDI.gui.control_panel - INFO - [control_panel.py:273] - Playback speed changed to 1.0x
2025-11-21 10:40:32 - AudioVizMIDI.gui.main_window - INFO - [main_window.py:874] - Speed changed to 1.0x
2025-11-21 10:40:32 - AudioVizMIDI.playback.playback_controller - INFO - [playback_controller.py:233] - Speed change requested: 1.0x (not yet implemented)
2025-11-21 10:40:32 - AudioVizMIDI.playback.playback_controller - WARNING - [playback_controller.py:238] - Playback speed adjustment not available in pygame.mixer
2025-11-21 10:40:32 - AudioVizMIDI.gui.control_panel - INFO - [control_panel.py:273] - Playback speed changed to 1.25x
2025-11-21 10:40:32 - AudioVizMIDI.gui.main_window - INFO - [main_window.py:874] - Speed changed to 1.25x
2025-11-21 10:40:32 - AudioVizMIDI.playback.playback_controller - INFO - [playback_controller.py:233] - Speed change requested: 1.25x (not yet implemented)
2025-11-21 10:40:32 - AudioVizMIDI.playback.playback_controller - WARNING - [playback_controller.py:238] - Playback speed adjustment not available in pygame.mixer
2025-11-21 10:40:33 - AudioVizMIDI.gui.control_panel - INFO - [control_panel.py:273] - Playback speed changed to 1.5x
2025-11-21 10:40:33 - AudioVizMIDI.gui.main_window - INFO - [main_window.py:874] - Speed changed to 1.5x
2025-11-21 10:40:33 - AudioVizMIDI.playback.playback_controller - INFO - [playback_controller.py:233] - Speed change requested: 1.5x (not yet implemented)
2025-11-21 10:40:33 - AudioVizMIDI.playback.playback_controller - WARNING - [playback_controller.py:238] - Playback speed adjustment not available in pygame.mixer
2025-11-21 10:40:33 - AudioVizMIDI.gui.control_panel - INFO - [control_panel.py:273] - Playback speed changed to 2.0x
2025-11-21 10:40:33 - AudioVizMIDI.gui.main_window - INFO - [main_window.py:874] - Speed changed to 2.0x
2025-11-21 10:40:33 - AudioVizMIDI.playback.playback_controller - INFO - [playback_controller.py:233] - Speed change requested: 2.0x (not yet implemented)
2025-11-21 10:40:33 - AudioVizMIDI.playback.playback_controller - WARNING - [playback_controller.py:238] - Playback speed adjustment not available in pygame.mixer
2025-11-21 10:40:33 - AudioVizMIDI.gui.control_panel - INFO - [control_panel.py:273] - Playback speed changed to 1.5x
2025-11-21 10:40:33 - AudioVizMIDI.gui.main_window - INFO - [main_window.py:874] - Speed changed to 1.5x
2025-11-21 10:40:33 - AudioVizMIDI.playback.playback_controller - INFO - [playback_controller.py:233] - Speed change requested: 1.5x (not yet implemented)
2025-11-21 10:40:33 - AudioVizMIDI.playback.playback_controller - WARNING - [playback_controller.py:238] - Playback speed adjustment not available in pygame.mixer
2025-11-21 10:40:33 - AudioVizMIDI.gui.control_panel - INFO - [control_panel.py:273] - Playback speed changed to 1.25x
2025-11-21 10:40:33 - AudioVizMIDI.gui.main_window - INFO - [main_window.py:874] - Speed changed to 1.25x
2025-11-21 10:40:33 - AudioVizMIDI.playback.playback_controller - INFO - [playback_controller.py:233] - Speed change requested: 1.25x (not yet implemented)
2025-11-21 10:40:33 - AudioVizMIDI.playback.playback_controller - WARNING - [playback_controller.py:238] - Playback speed adjustment not available in pygame.mixer
2025-11-21 10:40:33 - AudioVizMIDI.gui.control_panel - INFO - [control_panel.py:273] - Playback speed changed to 1.0x
2025-11-21 10:40:33 - AudioVizMIDI.gui.main_window - INFO - [main_window.py:874] - Speed changed to 1.0x
2025-11-21 10:40:33 - AudioVizMIDI.playback.playback_controller - INFO - [playback_controller.py:233] - Speed change requested: 1.0x (not yet implemented)
2025-11-21 10:40:33 - AudioVizMIDI.playback.playback_controller - WARNING - [playback_controller.py:238] - Playback speed adjustment not available in pygame.mixer
2025-11-21 10:40:40 - AudioVizMIDI.visualization.pygame_widget - WARNING - [pygame_widget.py:168] - Low FPS: 45.2 (target: 60)
2025-11-21 10:40:55 - AudioVizMIDI.visualization.pygame_widget - WARNING - [pygame_widget.py:168] - Low FPS: 42.7 (target: 60)
2025-11-21 10:41:15 - AudioVizMIDI.gui.control_panel - INFO - [control_panel.py:273] - Playback speed changed to 0.75x
2025-11-21 10:41:15 - AudioVizMIDI.gui.main_window - INFO - [main_window.py:874] - Speed changed to 0.75x
2025-11-21 10:41:15 - AudioVizMIDI.playback.playback_controller - INFO - [playback_controller.py:233] - Speed change requested: 0.75x (not yet implemented)
2025-11-21 10:41:15 - AudioVizMIDI.playback.playback_controller - WARNING - [playback_controller.py:238] - Playback speed adjustment not available in pygame.mixer
2025-11-21 10:41:15 - AudioVizMIDI.gui.control_panel - INFO - [control_panel.py:273] - Playback speed changed to 0.5x
2025-11-21 10:41:15 - AudioVizMIDI.gui.main_window - INFO - [main_window.py:874] - Speed changed to 0.5x
2025-11-21 10:41:15 - AudioVizMIDI.playback.playback_controller - INFO - [playback_controller.py:233] - Speed change requested: 0.5x (not yet implemented)
2025-11-21 10:41:15 - AudioVizMIDI.playback.playback_controller - WARNING - [playback_controller.py:238] - Playback speed adjustment not available in pygame.mixer
2025-11-21 10:41:16 - AudioVizMIDI.gui.control_panel - INFO - [control_panel.py:273] - Playback speed changed to 0.75x
2025-11-21 10:41:16 - AudioVizMIDI.gui.main_window - INFO - [main_window.py:874] - Speed changed to 0.75x
2025-11-21 10:41:16 - AudioVizMIDI.playback.playback_controller - INFO - [playback_controller.py:233] - Speed change requested: 0.75x (not yet implemented)
2025-11-21 10:41:16 - AudioVizMIDI.playback.playback_controller - WARNING - [playback_controller.py:238] - Playback speed adjustment not available in pygame.mixer
2025-11-21 10:41:16 - AudioVizMIDI.gui.control_panel - INFO - [control_panel.py:273] - Playback speed changed to 1.0x
2025-11-21 10:41:16 - AudioVizMIDI.gui.main_window - INFO - [main_window.py:874] - Speed changed to 1.0x
2025-11-21 10:41:16 - AudioVizMIDI.playback.playback_controller - INFO - [playback_controller.py:233] - Speed change requested: 1.0x (not yet implemented)
2025-11-21 10:41:16 - AudioVizMIDI.playback.playback_controller - WARNING - [playback_controller.py:238] - Playback speed adjustment not available in pygame.mixer
2025-11-21 10:41:16 - AudioVizMIDI.gui.control_panel - INFO - [control_panel.py:273] - Playback speed changed to 1.25x
2025-11-21 10:41:16 - AudioVizMIDI.gui.main_window - INFO - [main_window.py:874] - Speed changed to 1.25x
2025-11-21 10:41:16 - AudioVizMIDI.playback.playback_controller - INFO - [playback_controller.py:233] - Speed change requested: 1.25x (not yet implemented)
2025-11-21 10:41:16 - AudioVizMIDI.playback.playback_controller - WARNING - [playback_controller.py:238] - Playback speed adjustment not available in pygame.mixer
2025-11-21 10:41:16 - AudioVizMIDI.gui.control_panel - INFO - [control_panel.py:273] - Playback speed changed to 1.5x
2025-11-21 10:41:16 - AudioVizMIDI.gui.main_window - INFO - [main_window.py:874] - Speed changed to 1.5x
2025-11-21 10:41:16 - AudioVizMIDI.playback.playback_controller - INFO - [playback_controller.py:233] - Speed change requested: 1.5x (not yet implemented)
2025-11-21 10:41:16 - AudioVizMIDI.playback.playback_controller - WARNING - [playback_controller.py:238] - Playback speed adjustment not available in pygame.mixer
2025-11-21 10:41:17 - AudioVizMIDI.gui.main_window - INFO - [main_window.py:849] - Pause requested from control panel
2025-11-21 10:41:17 - AudioVizMIDI.playback.playback_controller - INFO - [playback_controller.py:147] - Pausing playback
2025-11-21 10:41:18 - AudioVizMIDI.gui.main_window - INFO - [main_window.py:838] - Play requested from control panel
2025-11-21 10:41:18 - AudioVizMIDI.playback.playback_controller - INFO - [playback_controller.py:120] - Starting playback
2025-11-21 10:41:18 - AudioVizMIDI.gui.main_window - INFO - [main_window.py:849] - Pause requested from control panel
2025-11-21 10:41:18 - AudioVizMIDI.playback.playback_controller - INFO - [playback_controller.py:147] - Pausing playback
2025-11-21 10:41:19 - AudioVizMIDI.gui.main_window - INFO - [main_window.py:838] - Play requested from control panel
2025-11-21 10:41:19 - AudioVizMIDI.playback.playback_controller - INFO - [playback_controller.py:120] - Starting playback
2025-11-21 10:41:20 - AudioVizMIDI.gui.control_panel - INFO - [control_panel.py:273] - Playback speed changed to 1.25x
2025-11-21 10:41:20 - AudioVizMIDI.gui.main_window - INFO - [main_window.py:874] - Speed changed to 1.25x
2025-11-21 10:41:20 - AudioVizMIDI.playback.playback_controller - INFO - [playback_controller.py:233] - Speed change requested: 1.25x (not yet implemented)
2025-11-21 10:41:20 - AudioVizMIDI.playback.playback_controller - WARNING - [playback_controller.py:238] - Playback speed adjustment not available in pygame.mixer
2025-11-21 10:41:20 - AudioVizMIDI.gui.control_panel - INFO - [control_panel.py:273] - Playback speed changed to 1.0x
2025-11-21 10:41:20 - AudioVizMIDI.gui.main_window - INFO - [main_window.py:874] - Speed changed to 1.0x
2025-11-21 10:41:20 - AudioVizMIDI.playback.playback_controller - INFO - [playback_controller.py:233] - Speed change requested: 1.0x (not yet implemented)
2025-11-21 10:41:20 - AudioVizMIDI.playback.playback_controller - WARNING - [playback_controller.py:238] - Playback speed adjustment not available in pygame.mixer
2025-11-21 10:41:20 - AudioVizMIDI.gui.control_panel - INFO - [control_panel.py:273] - Playback speed changed to 0.75x
2025-11-21 10:41:20 - AudioVizMIDI.gui.main_window - INFO - [main_window.py:874] - Speed changed to 0.75x
2025-11-21 10:41:20 - AudioVizMIDI.playback.playback_controller - INFO - [playback_controller.py:233] - Speed change requested: 0.75x (not yet implemented)
2025-11-21 10:41:20 - AudioVizMIDI.playback.playback_controller - WARNING - [playback_controller.py:238] - Playback speed adjustment not available in pygame.mixer
2025-11-21 10:41:20 - AudioVizMIDI.gui.control_panel - INFO - [control_panel.py:273] - Playback speed changed to 0.5x
2025-11-21 10:41:20 - AudioVizMIDI.gui.main_window - INFO - [main_window.py:874] - Speed changed to 0.5x
2025-11-21 10:41:20 - AudioVizMIDI.playback.playback_controller - INFO - [playback_controller.py:233] - Speed change requested: 0.5x (not yet implemented)
2025-11-21 10:41:20 - AudioVizMIDI.playback.playback_controller - WARNING - [playback_controller.py:238] - Playback speed adjustment not available in pygame.mixer
2025-11-21 10:41:20 - AudioVizMIDI.gui.control_panel - INFO - [control_panel.py:273] - Playback speed changed to 0.75x
2025-11-21 10:41:20 - AudioVizMIDI.gui.main_window - INFO - [main_window.py:874] - Speed changed to 0.75x
2025-11-21 10:41:20 - AudioVizMIDI.playback.playback_controller - INFO - [playback_controller.py:233] - Speed change requested: 0.75x (not yet implemented)
2025-11-21 10:41:20 - AudioVizMIDI.playback.playback_controller - WARNING - [playback_controller.py:238] - Playback speed adjustment not available in pygame.mixer
2025-11-21 10:41:21 - AudioVizMIDI.gui.control_panel - INFO - [control_panel.py:273] - Playback speed changed to 1.0x
2025-11-21 10:41:21 - AudioVizMIDI.gui.main_window - INFO - [main_window.py:874] - Speed changed to 1.0x
2025-11-21 10:41:21 - AudioVizMIDI.playback.playback_controller - INFO - [playback_controller.py:233] - Speed change requested: 1.0x (not yet implemented)
2025-11-21 10:41:21 - AudioVizMIDI.playback.playback_controller - WARNING - [playback_controller.py:238] - Playback speed adjustment not available in pygame.mixer
2025-11-21 10:41:21 - AudioVizMIDI.gui.control_panel - INFO - [control_panel.py:273] - Playback speed changed to 1.25x
2025-11-21 10:41:21 - AudioVizMIDI.gui.main_window - INFO - [main_window.py:874] - Speed changed to 1.25x
2025-11-21 10:41:21 - AudioVizMIDI.playback.playback_controller - INFO - [playback_controller.py:233] - Speed change requested: 1.25x (not yet implemented)
2025-11-21 10:41:21 - AudioVizMIDI.playback.playback_controller - WARNING - [playback_controller.py:238] - Playback speed adjustment not available in pygame.mixer
2025-11-21 10:41:21 - AudioVizMIDI.gui.control_panel - INFO - [control_panel.py:273] - Playback speed changed to 1.0x
2025-11-21 10:41:21 - AudioVizMIDI.gui.main_window - INFO - [main_window.py:874] - Speed changed to 1.0x
2025-11-21 10:41:21 - AudioVizMIDI.playback.playback_controller - INFO - [playback_controller.py:233] - Speed change requested: 1.0x (not yet implemented)
2025-11-21 10:41:21 - AudioVizMIDI.playback.playback_controller - WARNING - [playback_controller.py:238] - Playback speed adjustment not available in pygame.mixer
2025-11-21 10:41:21 - AudioVizMIDI.gui.control_panel - INFO - [control_panel.py:273] - Playback speed changed to 0.75x
2025-11-21 10:41:21 - AudioVizMIDI.gui.main_window - INFO - [main_window.py:874] - Speed changed to 0.75x
2025-11-21 10:41:21 - AudioVizMIDI.playback.playback_controller - INFO - [playback_controller.py:233] - Speed change requested: 0.75x (not yet implemented)
2025-11-21 10:41:21 - AudioVizMIDI.playback.playback_controller - WARNING - [playback_controller.py:238] - Playback speed adjustment not available in pygame.mixer
2025-11-21 10:41:22 - AudioVizMIDI.gui.control_panel - INFO - [control_panel.py:273] - Playback speed changed to 0.5x
2025-11-21 10:41:22 - AudioVizMIDI.gui.main_window - INFO - [main_window.py:874] - Speed changed to 0.5x
2025-11-21 10:41:22 - AudioVizMIDI.playback.playback_controller - INFO - [playback_controller.py:233] - Speed change requested: 0.5x (not yet implemented)
2025-11-21 10:41:22 - AudioVizMIDI.playback.playback_controller - WARNING - [playback_controller.py:238] - Playback speed adjustment not available in pygame.mixer
2025-11-21 10:41:31 - AudioVizMIDI.utils.performance_monitor - INFO - [performance_monitor.py:140] - ============================================================
2025-11-21 10:41:31 - AudioVizMIDI.utils.performance_monitor - INFO - [performance_monitor.py:141] - Performance Summary
2025-11-21 10:41:31 - AudioVizMIDI.utils.performance_monitor - INFO - [performance_monitor.py:142] - ============================================================
2025-11-21 10:41:31 - AudioVizMIDI.utils.performance_monitor - INFO - [performance_monitor.py:94] - 💾 Final Memory: 269.7 MB (RSS), 652.7 MB (VMS)
2025-11-21 10:41:31 - AudioVizMIDI.utils.performance_monitor - INFO - [performance_monitor.py:113] - 🔥 CPU Usage: 0.0%
2025-11-21 10:41:31 - AudioVizMIDI.utils.performance_monitor - INFO - [performance_monitor.py:152] - 
Operation Timings:
2025-11-21 10:41:31 - AudioVizMIDI.utils.performance_monitor - INFO - [performance_monitor.py:155] -   audio_loading:
2025-11-21 10:41:31 - AudioVizMIDI.utils.performance_monitor - INFO - [performance_monitor.py:156] -     Count: 1
2025-11-21 10:41:31 - AudioVizMIDI.utils.performance_monitor - INFO - [performance_monitor.py:157] -     Average: 4.732s
2025-11-21 10:41:31 - AudioVizMIDI.utils.performance_monitor - INFO - [performance_monitor.py:158] -     Min: 4.732s
2025-11-21 10:41:31 - AudioVizMIDI.utils.performance_monitor - INFO - [performance_monitor.py:159] -     Max: 4.732s
2025-11-21 10:41:31 - AudioVizMIDI.utils.performance_monitor - INFO - [performance_monitor.py:155] -   pitch_detection:
2025-11-21 10:41:31 - AudioVizMIDI.utils.performance_monitor - INFO - [performance_monitor.py:156] -     Count: 1
2025-11-21 10:41:31 - AudioVizMIDI.utils.performance_monitor - INFO - [performance_monitor.py:157] -     Average: 1.091s
2025-11-21 10:41:31 - AudioVizMIDI.utils.performance_monitor - INFO - [performance_monitor.py:158] -     Min: 1.091s
2025-11-21 10:41:31 - AudioVizMIDI.utils.performance_monitor - INFO - [performance_monitor.py:159] -     Max: 1.091s
2025-11-21 10:41:31 - AudioVizMIDI.utils.performance_monitor - INFO - [performance_monitor.py:155] -   onset_detection:
2025-11-21 10:41:31 - AudioVizMIDI.utils.performance_monitor - INFO - [performance_monitor.py:156] -     Count: 1
2025-11-21 10:41:31 - AudioVizMIDI.utils.performance_monitor - INFO - [performance_monitor.py:157] -     Average: 0.803s
2025-11-21 10:41:31 - AudioVizMIDI.utils.performance_monitor - INFO - [performance_monitor.py:158] -     Min: 0.803s
2025-11-21 10:41:31 - AudioVizMIDI.utils.performance_monitor - INFO - [performance_monitor.py:159] -     Max: 0.803s
2025-11-21 10:41:31 - AudioVizMIDI.utils.performance_monitor - INFO - [performance_monitor.py:155] -   midi_conversion:
2025-11-21 10:41:31 - AudioVizMIDI.utils.performance_monitor - INFO - [performance_monitor.py:156] -     Count: 1
2025-11-21 10:41:31 - AudioVizMIDI.utils.performance_monitor - INFO - [performance_monitor.py:157] -     Average: 0.095s
2025-11-21 10:41:31 - AudioVizMIDI.utils.performance_monitor - INFO - [performance_monitor.py:158] -     Min: 0.095s
2025-11-21 10:41:31 - AudioVizMIDI.utils.performance_monitor - INFO - [performance_monitor.py:159] -     Max: 0.095s
2025-11-21 10:41:31 - AudioVizMIDI.utils.performance_monitor - INFO - [performance_monitor.py:155] -   quantization:
2025-11-21 10:41:31 - AudioVizMIDI.utils.performance_monitor - INFO - [performance_monitor.py:156] -     Count: 1
2025-11-21 10:41:31 - AudioVizMIDI.utils.performance_monitor - INFO - [performance_monitor.py:157] -     Average: 0.032s
2025-11-21 10:41:31 - AudioVizMIDI.utils.performance_monitor - INFO - [performance_monitor.py:158] -     Min: 0.032s
2025-11-21 10:41:31 - AudioVizMIDI.utils.performance_monitor - INFO - [performance_monitor.py:159] -     Max: 0.032s
2025-11-21 10:41:31 - AudioVizMIDI.utils.performance_monitor - INFO - [performance_monitor.py:155] -   transcription:
2025-11-21 10:41:31 - AudioVizMIDI.utils.performance_monitor - INFO - [performance_monitor.py:156] -     Count: 1
2025-11-21 10:41:31 - AudioVizMIDI.utils.performance_monitor - INFO - [performance_monitor.py:157] -     Average: 6.809s
2025-11-21 10:41:31 - AudioVizMIDI.utils.performance_monitor - INFO - [performance_monitor.py:158] -     Min: 6.809s
2025-11-21 10:41:31 - AudioVizMIDI.utils.performance_monitor - INFO - [performance_monitor.py:159] -     Max: 6.809s
2025-11-21 10:41:31 - AudioVizMIDI.utils.performance_monitor - INFO - [performance_monitor.py:161] - ============================================================
2025-11-21 10:41:31 - AudioVizMIDI.playback.playback_controller - INFO - [playback_controller.py:310] - Cleaning up playback controller
2025-11-21 10:41:31 - AudioVizMIDI.playback.playback_controller - INFO - [playback_controller.py:166] - Stopping playback
2025-11-21 10:41:31 - AudioVizMIDI.visualization.pygame_widget - INFO - [pygame_widget.py:272] - Cleaning up Pygame resources
2025-11-21 10:41:31 - AudioVizMIDI.utils.config - INFO - [config.py:101] - Configuration saved to config.json
2025-11-21 10:41:31 - AudioVizMIDI.gui.main_window - INFO - [main_window.py:1420] - Main window closing
2025-11-21 10:41:31 - AudioVizMIDI - INFO - [main.py:53] - Application shutting down
2025-11-21 10:41:31 - AudioVizMIDI - INFO - [main.py:54] - Exit code: 0
