2025-11-19 11:15:11 - AudioVizMIDI - INFO - [logger.py:63] - Logging system initialized
2025-11-19 11:15:11 - AudioVizMIDI - INFO - [logger.py:64] - Log file: logs/audioviz_20251119_111511.log
2025-11-19 11:15:11 - AudioVizMIDI - INFO - [main.py:16] - ============================================================
2025-11-19 11:15:11 - AudioVizMIDI - INFO - [main.py:17] - AudioViz MIDI Application Starting
2025-11-19 11:15:11 - AudioVizMIDI - INFO - [main.py:18] - ============================================================
2025-11-19 11:15:11 - AudioVizMIDI.utils.config - INFO - [config.py:84] - Configuration loaded from config.json
2025-11-19 11:15:11 - AudioVizMIDI.gui.main_window - INFO - [main_window.py:48] - Main window initialized
2025-11-19 11:15:11 - AudioVizMIDI - INFO - [main.py:32] - Main window displayed
2025-11-19 11:15:11 - AudioVizMIDI - INFO - [main.py:33] - Application ready
2025-11-19 11:15:25 - AudioVizMIDI.gui.main_window - INFO - [main_window.py:396] - Settings dialog triggered
2025-11-19 11:15:37 - AudioVizMIDI.gui.main_window - INFO - [main_window.py:418] - Window resized to 3840x2160
2025-11-19 11:15:42 - AudioVizMIDI.gui.main_window - INFO - [main_window.py:406] - Entered fullscreen mode
2025-11-19 11:15:44 - AudioVizMIDI.gui.main_window - INFO - [main_window.py:403] - Exited fullscreen mode
2025-11-19 11:15:48 - AudioVizMIDI.gui.main_window - INFO - [main_window.py:418] - Window resized to 1920x1080
2025-11-19 11:15:50 - AudioVizMIDI.gui.main_window - INFO - [main_window.py:406] - Entered fullscreen mode
2025-11-19 11:15:51 - AudioVizMIDI.gui.main_window - INFO - [main_window.py:403] - Exited fullscreen mode
2025-11-19 11:15:53 - AudioVizMIDI.gui.main_window - INFO - [main_window.py:406] - Entered fullscreen mode
2025-11-19 11:15:54 - AudioVizMIDI.gui.main_window - INFO - [main_window.py:403] - Exited fullscreen mode
2025-11-19 11:15:56 - AudioVizMIDI.gui.main_window - INFO - [main_window.py:418] - Window resized to 1920x1080
2025-11-19 11:15:56 - AudioVizMIDI.gui.main_window - INFO - [main_window.py:406] - Entered fullscreen mode
2025-11-19 11:15:56 - AudioVizMIDI.gui.main_window - INFO - [main_window.py:403] - Exited fullscreen mode
2025-11-19 11:15:57 - AudioVizMIDI.gui.main_window - INFO - [main_window.py:406] - Entered fullscreen mode
2025-11-19 11:16:01 - AudioVizMIDI.gui.main_window - INFO - [main_window.py:403] - Exited fullscreen mode
2025-11-19 11:16:10 - AudioVizMIDI.gui.main_window - INFO - [main_window.py:418] - Window resized to 1920x1080
2025-11-19 11:16:11 - AudioVizMIDI.gui.main_window - INFO - [main_window.py:418] - Window resized to 2560x1440
2025-11-19 11:16:12 - AudioVizMIDI.gui.main_window - INFO - [main_window.py:406] - Entered fullscreen mode
2025-11-19 11:16:15 - AudioVizMIDI.gui.main_window - INFO - [main_window.py:403] - Exited fullscreen mode
2025-11-19 11:16:15 - AudioVizMIDI.gui.main_window - INFO - [main_window.py:406] - Entered fullscreen mode
2025-11-19 11:16:33 - AudioVizMIDI.gui.main_window - INFO - [main_window.py:340] - Open file dialog triggered
2025-11-19 11:16:37 - AudioVizMIDI.utils.config - INFO - [config.py:101] - Configuration saved to config.json
2025-11-19 11:16:37 - AudioVizMIDI.gui.main_window - INFO - [main_window.py:475] - Main window closing
2025-11-19 11:16:37 - AudioVizMIDI - INFO - [main.py:38] - Application shutting down
2025-11-19 11:16:37 - AudioVizMIDI - INFO - [main.py:39] - Exit code: 0
