2025-11-21 11:18:59 - AudioVizMIDI - INFO - [logger.py:63] - Logging system initialized
2025-11-21 11:18:59 - AudioVizMIDI - INFO - [logger.py:64] - Log file: logs/audioviz_20251121_111859.log
2025-11-21 11:18:59 - AudioVizMIDI - INFO - [main.py:18] - ============================================================
2025-11-21 11:18:59 - AudioVizMIDI - INFO - [main.py:19] - AudioViz MIDI Application Starting
2025-11-21 11:18:59 - AudioVizMIDI - INFO - [main.py:20] - AudioViz MIDI v0.2.0-dev Starting
2025-11-21 11:18:59 - AudioVizMIDI - INFO - [main.py:21] - ============================================================
2025-11-21 11:18:59 - AudioVizMIDI.utils.config - INFO - [config.py:84] - Configuration loaded from config.json
2025-11-21 11:18:59 - AudioVizMIDI - INFO - [main.py:30] - Application: AudioViz MIDI
2025-11-21 11:18:59 - AudioVizMIDI - INFO - [main.py:31] - Config Version: 0.2.0-dev
2025-11-21 11:19:00 - AudioVizMIDI.playback.playback_controller - INFO - [playback_controller.py:79] - Pygame mixer initialized
2025-11-21 11:19:00 - AudioVizMIDI.playback.playback_controller - INFO - [playback_controller.py:67] - PlaybackController initialized
2025-11-21 11:19:00 - AudioVizMIDI.export.midi_exporter - INFO - [midi_exporter.py:38] - MIDIExporter initialized
2025-11-21 11:19:00 - AudioVizMIDI.export.json_exporter - INFO - [json_exporter.py:37] - JSONExporter initialized
2025-11-21 11:19:00 - AudioVizMIDI.utils.performance_monitor - INFO - [performance_monitor.py:29] - PerformanceMonitor initialized
2025-11-21 11:19:00 - AudioVizMIDI.utils.performance_monitor - INFO - [performance_monitor.py:94] - 💾 Application start Memory: 65.9 MB (RSS), 296.9 MB (VMS)
2025-11-21 11:19:00 - AudioVizMIDI.visualization.theme_manager - INFO - [theme_manager.py:207] - ThemeManager initialized with 3 themes
2025-11-21 11:19:02 - AudioVizMIDI.visualization.pygame_widget - INFO - [pygame_widget.py:94] - Pygame initialized with surface size: (800, 480)
2025-11-21 11:19:02 - AudioVizMIDI.visualization.pygame_widget - INFO - [pygame_widget.py:123] - Pygame initialized with surface size: (800, 480)
2025-11-21 11:19:02 - AudioVizMIDI.visualization.pygame_widget - INFO - [pygame_widget.py:58] - PygameWidget initialized
2025-11-21 11:19:02 - AudioVizMIDI.gui.main_window - INFO - [main_window.py:400] - Keyboard shortcuts configured
2025-11-21 11:19:02 - AudioVizMIDI.gui.main_window - INFO - [main_window.py:76] - Main window initialized
2025-11-21 11:19:02 - AudioVizMIDI - INFO - [main.py:47] - Main window displayed
2025-11-21 11:19:02 - AudioVizMIDI - INFO - [main.py:48] - Application ready
2025-11-21 11:19:03 - AudioVizMIDI.visualization.pygame_widget - WARNING - [pygame_widget.py:172] - Low FPS: 0.5 (target: 60)
2025-11-21 11:19:05 - AudioVizMIDI.gui.main_window - INFO - [main_window.py:627] - Open file dialog triggered
2025-11-21 11:19:06 - AudioVizMIDI.visualization.pygame_widget - WARNING - [pygame_widget.py:172] - Low FPS: 8.0 (target: 60)
2025-11-21 11:19:07 - AudioVizMIDI.visualization.pygame_widget - WARNING - [pygame_widget.py:172] - Low FPS: 44.8 (target: 60)
2025-11-21 11:19:07 - AudioVizMIDI.gui.main_window - INFO - [main_window.py:643] - File selected: C:/Users/brice.saah/Desktop/ASMR test  (Add Vocal).mp3
2025-11-21 11:19:07 - AudioVizMIDI.utils.config - INFO - [config.py:101] - Configuration saved to config.json
2025-11-21 11:19:07 - AudioVizMIDI.gui.main_window - INFO - [main_window.py:660] - File loaded successfully via menu: ASMR test  (Add Vocal).mp3
2025-11-21 11:19:08 - AudioVizMIDI.visualization.pygame_widget - WARNING - [pygame_widget.py:172] - Low FPS: 39.8 (target: 60)
2025-11-21 11:19:24 - AudioVizMIDI.gui.main_window - INFO - [main_window.py:733] - ============================================================
2025-11-21 11:19:24 - AudioVizMIDI.gui.main_window - INFO - [main_window.py:734] - Starting transcription process...
2025-11-21 11:19:24 - AudioVizMIDI.gui.main_window - INFO - [main_window.py:735] - ============================================================
2025-11-21 11:19:24 - AudioVizMIDI.gui.main_window - INFO - [main_window.py:772] - Background processing thread started
2025-11-21 11:19:24 - AudioVizMIDI.gui.processing_thread - INFO - [processing_thread.py:49] - ============================================================
2025-11-21 11:19:24 - AudioVizMIDI.gui.processing_thread - INFO - [processing_thread.py:50] - Starting Audio-to-MIDI Transcription
2025-11-21 11:19:24 - AudioVizMIDI.gui.processing_thread - INFO - [processing_thread.py:51] - ============================================================
2025-11-21 11:19:24 - AudioVizMIDI.utils.performance_monitor - INFO - [performance_monitor.py:94] - 💾 Start Memory: 125.0 MB (RSS), 322.4 MB (VMS)
2025-11-21 11:19:24 - AudioVizMIDI.gui.processing_thread - INFO - [processing_thread.py:59] - Step 1: Loading audio...
2025-11-21 11:19:24 - AudioVizMIDI.utils.config - INFO - [config.py:84] - Configuration loaded from config.json
2025-11-21 11:19:24 - AudioVizMIDI.audio.audio_loader - INFO - [audio_loader.py:53] - AudioLoader initialized
2025-11-21 11:19:24 - AudioVizMIDI.audio.audio_loader - INFO - [audio_loader.py:73] - Loading audio file: C:/Users/brice.saah/Desktop/ASMR test  (Add Vocal).mp3
2025-11-21 11:19:30 - AudioVizMIDI.audio.audio_loader - INFO - [audio_loader.py:98] - Audio loaded successfully
2025-11-21 11:19:30 - AudioVizMIDI.audio.audio_loader - INFO - [audio_loader.py:112] - Preprocessing complete. Duration: 196.80s
2025-11-21 11:19:30 - AudioVizMIDI.utils.performance_monitor - INFO - [performance_monitor.py:63] - ⏱️  audio_loading: 6.326s
2025-11-21 11:19:30 - AudioVizMIDI.utils.performance_monitor - INFO - [performance_monitor.py:94] - 💾 After audio loading Memory: 277.4 MB (RSS), 662.0 MB (VMS)
2025-11-21 11:19:30 - AudioVizMIDI.gui.processing_thread - INFO - [processing_thread.py:72] - Audio loaded: 196.80s, 22050 Hz
2025-11-21 11:19:30 - AudioVizMIDI.gui.processing_thread - INFO - [processing_thread.py:77] - Step 2: Detecting pitch...
2025-11-21 11:19:30 - AudioVizMIDI.utils.config - INFO - [config.py:84] - Configuration loaded from config.json
2025-11-21 11:19:30 - AudioVizMIDI.audio.pitch_detector - INFO - [pitch_detector.py:51] - PitchDetector initialized with algorithm: piptrack
2025-11-21 11:19:30 - AudioVizMIDI.audio.pitch_detector - INFO - [pitch_detector.py:78] - Starting pitch detection using piptrack algorithm...
2025-11-21 11:19:31 - AudioVizMIDI.audio.pitch_detector - INFO - [pitch_detector.py:101] - Pitch detection complete
2025-11-21 11:19:31 - AudioVizMIDI.utils.performance_monitor - INFO - [performance_monitor.py:63] - ⏱️  pitch_detection: 1.358s
2025-11-21 11:19:31 - AudioVizMIDI.utils.performance_monitor - INFO - [performance_monitor.py:94] - 💾 After pitch detection Memory: 280.7 MB (RSS), 665.1 MB (VMS)
2025-11-21 11:19:31 - AudioVizMIDI.gui.processing_thread - INFO - [processing_thread.py:92] - Pitch detection: 8466 frames detected
2025-11-21 11:19:31 - AudioVizMIDI.gui.processing_thread - INFO - [processing_thread.py:97] - Step 3: Detecting onsets...
2025-11-21 11:19:31 - AudioVizMIDI.utils.config - INFO - [config.py:84] - Configuration loaded from config.json
2025-11-21 11:19:31 - AudioVizMIDI.audio.onset_detector - INFO - [onset_detector.py:51] - OnsetDetector initialized
2025-11-21 11:19:31 - AudioVizMIDI.audio.onset_detector - INFO - [onset_detector.py:72] - Detecting onsets using 'energy' method...
2025-11-21 11:19:32 - AudioVizMIDI.audio.onset_detector - INFO - [onset_detector.py:115] - Onset detection complete: 428 onsets detected
2025-11-21 11:19:32 - AudioVizMIDI.utils.performance_monitor - INFO - [performance_monitor.py:63] - ⏱️  onset_detection: 0.600s
2025-11-21 11:19:32 - AudioVizMIDI.gui.processing_thread - INFO - [processing_thread.py:109] - Onset detection: 428 onsets found
2025-11-21 11:19:32 - AudioVizMIDI.gui.processing_thread - INFO - [processing_thread.py:114] - Step 4: Converting to MIDI...
2025-11-21 11:19:32 - AudioVizMIDI.utils.config - INFO - [config.py:84] - Configuration loaded from config.json
2025-11-21 11:19:32 - AudioVizMIDI.midi.midi_converter - INFO - [midi_converter.py:41] - MIDIConverter initialized
2025-11-21 11:19:32 - AudioVizMIDI.midi.midi_converter - INFO - [midi_converter.py:63] - Converting audio analysis to MIDI notes...
2025-11-21 11:19:32 - AudioVizMIDI.midi.midi_converter - INFO - [midi_converter.py:75] - Conversion complete: 417 notes created
2025-11-21 11:19:32 - AudioVizMIDI.utils.performance_monitor - INFO - [performance_monitor.py:63] - ⏱️  midi_conversion: 0.116s
2025-11-21 11:19:32 - AudioVizMIDI.gui.processing_thread - INFO - [processing_thread.py:127] - MIDI conversion: 417 notes created
2025-11-21 11:19:32 - AudioVizMIDI.gui.processing_thread - INFO - [processing_thread.py:132] - Step 5: Quantizing notes...
2025-11-21 11:19:32 - AudioVizMIDI.utils.config - INFO - [config.py:84] - Configuration loaded from config.json
2025-11-21 11:19:32 - AudioVizMIDI.midi.note_quantizer - INFO - [note_quantizer.py:49] - NoteQuantizer initialized
2025-11-21 11:19:32 - AudioVizMIDI.midi.note_quantizer - INFO - [note_quantizer.py:63] - Starting note quantization...
2025-11-21 11:19:32 - AudioVizMIDI.midi.note_quantizer - INFO - [note_quantizer.py:196] - Merged 54 adjacent note pairs
2025-11-21 11:19:32 - AudioVizMIDI.midi.note_quantizer - INFO - [note_quantizer.py:243] - Filled 2 gaps
2025-11-21 11:19:32 - AudioVizMIDI.midi.note_quantizer - INFO - [note_quantizer.py:99] - Quantization complete: 417 -> 363 notes
2025-11-21 11:19:32 - AudioVizMIDI.utils.performance_monitor - INFO - [performance_monitor.py:63] - ⏱️  quantization: 0.038s
2025-11-21 11:19:32 - AudioVizMIDI.utils.performance_monitor - INFO - [performance_monitor.py:94] - 💾 After quantization Memory: 284.7 MB (RSS), 665.1 MB (VMS)
2025-11-21 11:19:32 - AudioVizMIDI.gui.processing_thread - INFO - [processing_thread.py:144] - Quantization: 363 notes (filtered from 417)
2025-11-21 11:19:32 - AudioVizMIDI.utils.performance_monitor - INFO - [performance_monitor.py:63] - ⏱️  transcription: 8.503s
2025-11-21 11:19:32 - AudioVizMIDI.gui.processing_thread - INFO - [processing_thread.py:151] - ============================================================
2025-11-21 11:19:32 - AudioVizMIDI.gui.processing_thread - INFO - [processing_thread.py:152] - Transcription Complete!
2025-11-21 11:19:32 - AudioVizMIDI.gui.processing_thread - INFO - [processing_thread.py:153] - Total notes: 363
2025-11-21 11:19:32 - AudioVizMIDI.gui.processing_thread - INFO - [processing_thread.py:154] - Duration: 196.51s
2025-11-21 11:19:32 - AudioVizMIDI.gui.processing_thread - INFO - [processing_thread.py:155] - Pitch range: (40, 79)
2025-11-21 11:19:32 - AudioVizMIDI.gui.processing_thread - INFO - [processing_thread.py:156] - Total processing time: 8.50s
2025-11-21 11:19:32 - AudioVizMIDI.gui.processing_thread - INFO - [processing_thread.py:157] - ============================================================
2025-11-21 11:19:32 - AudioVizMIDI.gui.main_window - INFO - [main_window.py:795] - Processing completed successfully!
2025-11-21 11:19:32 - AudioVizMIDI.visualization.theme_manager - INFO - [theme_manager.py:207] - ThemeManager initialized with 3 themes
2025-11-21 11:19:32 - AudioVizMIDI.visualization.theme_manager - INFO - [theme_manager.py:234] - Theme changed to: Studio Light
2025-11-21 11:19:32 - AudioVizMIDI.visualization.piano_roll_renderer - INFO - [piano_roll_renderer.py:181] - Theme loaded: Studio Light
2025-11-21 11:19:32 - AudioVizMIDI.visualization.piano_roll_renderer - INFO - [piano_roll_renderer.py:247] - PianoRollRenderer initialized
2025-11-21 11:19:32 - AudioVizMIDI.visualization.piano_roll_renderer - INFO - [piano_roll_renderer.py:265] - MIDI data set: 363 notes, pitch range 37-82
2025-11-21 11:19:32 - AudioVizMIDI.visualization.pygame_widget - INFO - [pygame_widget.py:248] - Visualization mode set: Classic Mode
2025-11-21 11:19:32 - AudioVizMIDI.visualization.liquid_mode - INFO - [liquid_mode.py:194] - Liquid Mode initialized
2025-11-21 11:19:32 - AudioVizMIDI.visualization.piano_roll_renderer - INFO - [piano_roll_renderer.py:265] - MIDI data set: 363 notes, pitch range 37-82
2025-11-21 11:19:32 - AudioVizMIDI.gui.main_window - INFO - [main_window.py:844] - Keyboard offset calculated: -0.450s
2025-11-21 11:19:32 - AudioVizMIDI.playback.playback_controller - INFO - [playback_controller.py:128] - MIDI data set with keyboard offset: -0.450s
2025-11-21 11:19:32 - AudioVizMIDI.playback.playback_controller - INFO - [playback_controller.py:92] - Loading audio file: C:/Users/brice.saah/Desktop/ASMR test  (Add Vocal).mp3
2025-11-21 11:19:32 - AudioVizMIDI.playback.playback_controller - INFO - [playback_controller.py:108] - Audio loaded: duration=196.51s
2025-11-21 11:19:32 - AudioVizMIDI.gui.main_window - INFO - [main_window.py:850] - Audio loaded for playback
2025-11-21 11:19:33 - AudioVizMIDI.visualization.pygame_widget - WARNING - [pygame_widget.py:172] - Low FPS: 24.2 (target: 60)
2025-11-21 11:19:39 - AudioVizMIDI.gui.main_window - INFO - [main_window.py:1275] - Window size reset to default
2025-11-21 11:19:41 - AudioVizMIDI.visualization.pygame_widget - WARNING - [pygame_widget.py:172] - Low FPS: 46.9 (target: 60)
2025-11-21 11:19:43 - AudioVizMIDI.gui.control_panel - INFO - [control_panel.py:228] - Play button clicked
2025-11-21 11:19:43 - AudioVizMIDI.gui.main_window - INFO - [main_window.py:888] - Play requested from control panel
2025-11-21 11:19:43 - AudioVizMIDI.playback.playback_controller - INFO - [playback_controller.py:140] - Starting playback
2025-11-21 11:19:53 - AudioVizMIDI.visualization.pygame_widget - INFO - [pygame_widget.py:248] - Visualization mode set: Classic Mode
2025-11-21 11:19:53 - AudioVizMIDI.gui.main_window - INFO - [main_window.py:1464] - Switched to Classic Mode
2025-11-21 11:19:57 - AudioVizMIDI.gui.control_panel - INFO - [control_panel.py:238] - Stop button clicked
2025-11-21 11:19:57 - AudioVizMIDI.gui.main_window - INFO - [main_window.py:904] - Stop requested from control panel
2025-11-21 11:19:57 - AudioVizMIDI.playback.playback_controller - INFO - [playback_controller.py:190] - Stopping playback
2025-11-21 11:20:00 - AudioVizMIDI.visualization.pygame_widget - INFO - [pygame_widget.py:248] - Visualization mode set: Liquid Mode
2025-11-21 11:20:00 - AudioVizMIDI.gui.main_window - INFO - [main_window.py:1478] - Switched to Liquid Mode
2025-11-21 11:20:05 - AudioVizMIDI.gui.control_panel - INFO - [control_panel.py:228] - Play button clicked
2025-11-21 11:20:05 - AudioVizMIDI.gui.main_window - INFO - [main_window.py:888] - Play requested from control panel
2025-11-21 11:20:05 - AudioVizMIDI.playback.playback_controller - INFO - [playback_controller.py:140] - Starting playback
2025-11-21 11:20:12 - AudioVizMIDI.gui.control_panel - INFO - [control_panel.py:238] - Stop button clicked
2025-11-21 11:20:12 - AudioVizMIDI.gui.main_window - INFO - [main_window.py:904] - Stop requested from control panel
2025-11-21 11:20:12 - AudioVizMIDI.playback.playback_controller - INFO - [playback_controller.py:190] - Stopping playback
2025-11-21 11:20:14 - AudioVizMIDI.gui.main_window - INFO - [main_window.py:733] - ============================================================
2025-11-21 11:20:14 - AudioVizMIDI.gui.main_window - INFO - [main_window.py:734] - Starting transcription process...
2025-11-21 11:20:14 - AudioVizMIDI.gui.main_window - INFO - [main_window.py:735] - ============================================================
2025-11-21 11:20:14 - AudioVizMIDI.gui.main_window - INFO - [main_window.py:772] - Background processing thread started
2025-11-21 11:20:14 - AudioVizMIDI.gui.processing_thread - INFO - [processing_thread.py:49] - ============================================================
2025-11-21 11:20:14 - AudioVizMIDI.gui.processing_thread - INFO - [processing_thread.py:50] - Starting Audio-to-MIDI Transcription
2025-11-21 11:20:14 - AudioVizMIDI.gui.processing_thread - INFO - [processing_thread.py:51] - ============================================================
2025-11-21 11:20:14 - AudioVizMIDI.utils.performance_monitor - INFO - [performance_monitor.py:94] - 💾 Start Memory: 275.0 MB (RSS), 654.6 MB (VMS)
2025-11-21 11:20:14 - AudioVizMIDI.gui.processing_thread - INFO - [processing_thread.py:59] - Step 1: Loading audio...
2025-11-21 11:20:14 - AudioVizMIDI.utils.config - INFO - [config.py:84] - Configuration loaded from config.json
2025-11-21 11:20:14 - AudioVizMIDI.audio.audio_loader - INFO - [audio_loader.py:53] - AudioLoader initialized
2025-11-21 11:20:14 - AudioVizMIDI.audio.audio_loader - INFO - [audio_loader.py:73] - Loading audio file: C:/Users/brice.saah/Desktop/ASMR test  (Add Vocal).mp3
2025-11-21 11:20:15 - AudioVizMIDI.audio.audio_loader - INFO - [audio_loader.py:98] - Audio loaded successfully
2025-11-21 11:20:15 - AudioVizMIDI.audio.audio_loader - INFO - [audio_loader.py:112] - Preprocessing complete. Duration: 196.80s
2025-11-21 11:20:15 - AudioVizMIDI.utils.performance_monitor - INFO - [performance_monitor.py:63] - ⏱️  audio_loading: 0.785s
2025-11-21 11:20:15 - AudioVizMIDI.utils.performance_monitor - INFO - [performance_monitor.py:94] - 💾 After audio loading Memory: 292.1 MB (RSS), 671.7 MB (VMS)
2025-11-21 11:20:15 - AudioVizMIDI.gui.processing_thread - INFO - [processing_thread.py:72] - Audio loaded: 196.80s, 22050 Hz
2025-11-21 11:20:15 - AudioVizMIDI.gui.processing_thread - INFO - [processing_thread.py:77] - Step 2: Detecting pitch...
2025-11-21 11:20:15 - AudioVizMIDI.utils.config - INFO - [config.py:84] - Configuration loaded from config.json
2025-11-21 11:20:15 - AudioVizMIDI.audio.pitch_detector - INFO - [pitch_detector.py:51] - PitchDetector initialized with algorithm: piptrack
2025-11-21 11:20:15 - AudioVizMIDI.audio.pitch_detector - INFO - [pitch_detector.py:78] - Starting pitch detection using piptrack algorithm...
2025-11-21 11:20:16 - AudioVizMIDI.audio.pitch_detector - INFO - [pitch_detector.py:101] - Pitch detection complete
2025-11-21 11:20:16 - AudioVizMIDI.utils.performance_monitor - INFO - [performance_monitor.py:63] - ⏱️  pitch_detection: 0.746s
2025-11-21 11:20:16 - AudioVizMIDI.utils.performance_monitor - INFO - [performance_monitor.py:94] - 💾 After pitch detection Memory: 293.9 MB (RSS), 673.6 MB (VMS)
2025-11-21 11:20:16 - AudioVizMIDI.gui.processing_thread - INFO - [processing_thread.py:92] - Pitch detection: 8466 frames detected
2025-11-21 11:20:16 - AudioVizMIDI.gui.processing_thread - INFO - [processing_thread.py:97] - Step 3: Detecting onsets...
2025-11-21 11:20:16 - AudioVizMIDI.utils.config - INFO - [config.py:84] - Configuration loaded from config.json
2025-11-21 11:20:16 - AudioVizMIDI.audio.onset_detector - INFO - [onset_detector.py:51] - OnsetDetector initialized
2025-11-21 11:20:16 - AudioVizMIDI.audio.onset_detector - INFO - [onset_detector.py:72] - Detecting onsets using 'energy' method...
2025-11-21 11:20:16 - AudioVizMIDI.audio.onset_detector - INFO - [onset_detector.py:115] - Onset detection complete: 428 onsets detected
2025-11-21 11:20:16 - AudioVizMIDI.utils.performance_monitor - INFO - [performance_monitor.py:63] - ⏱️  onset_detection: 0.427s
2025-11-21 11:20:16 - AudioVizMIDI.gui.processing_thread - INFO - [processing_thread.py:109] - Onset detection: 428 onsets found
2025-11-21 11:20:16 - AudioVizMIDI.gui.processing_thread - INFO - [processing_thread.py:114] - Step 4: Converting to MIDI...
2025-11-21 11:20:16 - AudioVizMIDI.utils.config - INFO - [config.py:84] - Configuration loaded from config.json
2025-11-21 11:20:16 - AudioVizMIDI.midi.midi_converter - INFO - [midi_converter.py:41] - MIDIConverter initialized
2025-11-21 11:20:16 - AudioVizMIDI.midi.midi_converter - INFO - [midi_converter.py:63] - Converting audio analysis to MIDI notes...
2025-11-21 11:20:16 - AudioVizMIDI.midi.midi_converter - INFO - [midi_converter.py:75] - Conversion complete: 417 notes created
2025-11-21 11:20:16 - AudioVizMIDI.utils.performance_monitor - INFO - [performance_monitor.py:63] - ⏱️  midi_conversion: 0.098s
2025-11-21 11:20:16 - AudioVizMIDI.gui.processing_thread - INFO - [processing_thread.py:127] - MIDI conversion: 417 notes created
2025-11-21 11:20:16 - AudioVizMIDI.gui.processing_thread - INFO - [processing_thread.py:132] - Step 5: Quantizing notes...
2025-11-21 11:20:16 - AudioVizMIDI.utils.config - INFO - [config.py:84] - Configuration loaded from config.json
2025-11-21 11:20:16 - AudioVizMIDI.midi.note_quantizer - INFO - [note_quantizer.py:49] - NoteQuantizer initialized
2025-11-21 11:20:16 - AudioVizMIDI.midi.note_quantizer - INFO - [note_quantizer.py:63] - Starting note quantization...
2025-11-21 11:20:16 - AudioVizMIDI.midi.note_quantizer - INFO - [note_quantizer.py:196] - Merged 54 adjacent note pairs
2025-11-21 11:20:16 - AudioVizMIDI.midi.note_quantizer - INFO - [note_quantizer.py:243] - Filled 2 gaps
2025-11-21 11:20:16 - AudioVizMIDI.midi.note_quantizer - INFO - [note_quantizer.py:99] - Quantization complete: 417 -> 363 notes
2025-11-21 11:20:16 - AudioVizMIDI.utils.performance_monitor - INFO - [performance_monitor.py:63] - ⏱️  quantization: 0.037s
2025-11-21 11:20:16 - AudioVizMIDI.utils.performance_monitor - INFO - [performance_monitor.py:94] - 💾 After quantization Memory: 294.2 MB (RSS), 673.7 MB (VMS)
2025-11-21 11:20:16 - AudioVizMIDI.gui.processing_thread - INFO - [processing_thread.py:144] - Quantization: 363 notes (filtered from 417)
2025-11-21 11:20:16 - AudioVizMIDI.utils.performance_monitor - INFO - [performance_monitor.py:63] - ⏱️  transcription: 2.157s
2025-11-21 11:20:16 - AudioVizMIDI.gui.processing_thread - INFO - [processing_thread.py:151] - ============================================================
2025-11-21 11:20:16 - AudioVizMIDI.gui.processing_thread - INFO - [processing_thread.py:152] - Transcription Complete!
2025-11-21 11:20:16 - AudioVizMIDI.gui.processing_thread - INFO - [processing_thread.py:153] - Total notes: 363
2025-11-21 11:20:16 - AudioVizMIDI.gui.processing_thread - INFO - [processing_thread.py:154] - Duration: 196.51s
2025-11-21 11:20:16 - AudioVizMIDI.gui.processing_thread - INFO - [processing_thread.py:155] - Pitch range: (40, 79)
2025-11-21 11:20:16 - AudioVizMIDI.gui.processing_thread - INFO - [processing_thread.py:156] - Total processing time: 2.16s
2025-11-21 11:20:16 - AudioVizMIDI.gui.processing_thread - INFO - [processing_thread.py:157] - ============================================================
2025-11-21 11:20:16 - AudioVizMIDI.gui.main_window - INFO - [main_window.py:795] - Processing completed successfully!
2025-11-21 11:20:16 - AudioVizMIDI.visualization.theme_manager - INFO - [theme_manager.py:207] - ThemeManager initialized with 3 themes
2025-11-21 11:20:16 - AudioVizMIDI.visualization.theme_manager - INFO - [theme_manager.py:234] - Theme changed to: Studio Light
2025-11-21 11:20:16 - AudioVizMIDI.visualization.piano_roll_renderer - INFO - [piano_roll_renderer.py:181] - Theme loaded: Studio Light
2025-11-21 11:20:16 - AudioVizMIDI.visualization.piano_roll_renderer - INFO - [piano_roll_renderer.py:247] - PianoRollRenderer initialized
2025-11-21 11:20:16 - AudioVizMIDI.visualization.piano_roll_renderer - INFO - [piano_roll_renderer.py:265] - MIDI data set: 363 notes, pitch range 37-82
2025-11-21 11:20:16 - AudioVizMIDI.visualization.pygame_widget - INFO - [pygame_widget.py:248] - Visualization mode set: Classic Mode
2025-11-21 11:20:16 - AudioVizMIDI.visualization.liquid_mode - INFO - [liquid_mode.py:194] - Liquid Mode initialized
2025-11-21 11:20:16 - AudioVizMIDI.visualization.piano_roll_renderer - INFO - [piano_roll_renderer.py:265] - MIDI data set: 363 notes, pitch range 37-82
2025-11-21 11:20:16 - AudioVizMIDI.gui.main_window - INFO - [main_window.py:844] - Keyboard offset calculated: -0.950s
2025-11-21 11:20:16 - AudioVizMIDI.playback.playback_controller - INFO - [playback_controller.py:128] - MIDI data set with keyboard offset: -0.950s
2025-11-21 11:20:16 - AudioVizMIDI.playback.playback_controller - INFO - [playback_controller.py:92] - Loading audio file: C:/Users/brice.saah/Desktop/ASMR test  (Add Vocal).mp3
2025-11-21 11:20:16 - AudioVizMIDI.playback.playback_controller - INFO - [playback_controller.py:108] - Audio loaded: duration=196.51s
2025-11-21 11:20:16 - AudioVizMIDI.gui.main_window - INFO - [main_window.py:850] - Audio loaded for playback
2025-11-21 11:20:25 - AudioVizMIDI.visualization.pygame_widget - INFO - [pygame_widget.py:248] - Visualization mode set: Liquid Mode
2025-11-21 11:20:25 - AudioVizMIDI.gui.main_window - INFO - [main_window.py:1478] - Switched to Liquid Mode
2025-11-21 11:20:27 - AudioVizMIDI.gui.control_panel - INFO - [control_panel.py:228] - Play button clicked
2025-11-21 11:20:27 - AudioVizMIDI.gui.main_window - INFO - [main_window.py:888] - Play requested from control panel
2025-11-21 11:20:27 - AudioVizMIDI.playback.playback_controller - INFO - [playback_controller.py:140] - Starting playback
2025-11-21 11:20:38 - AudioVizMIDI.gui.control_panel - INFO - [control_panel.py:238] - Stop button clicked
2025-11-21 11:20:38 - AudioVizMIDI.gui.main_window - INFO - [main_window.py:904] - Stop requested from control panel
2025-11-21 11:20:38 - AudioVizMIDI.playback.playback_controller - INFO - [playback_controller.py:190] - Stopping playback
2025-11-21 11:20:40 - AudioVizMIDI.utils.performance_monitor - INFO - [performance_monitor.py:140] - ============================================================
2025-11-21 11:20:40 - AudioVizMIDI.utils.performance_monitor - INFO - [performance_monitor.py:141] - Performance Summary
2025-11-21 11:20:40 - AudioVizMIDI.utils.performance_monitor - INFO - [performance_monitor.py:142] - ============================================================
2025-11-21 11:20:40 - AudioVizMIDI.utils.performance_monitor - INFO - [performance_monitor.py:94] - 💾 Final Memory: 281.8 MB (RSS), 661.3 MB (VMS)
2025-11-21 11:20:40 - AudioVizMIDI.utils.performance_monitor - INFO - [performance_monitor.py:113] - 🔥 CPU Usage: 0.0%
2025-11-21 11:20:40 - AudioVizMIDI.utils.performance_monitor - INFO - [performance_monitor.py:152] - 
Operation Timings:
2025-11-21 11:20:40 - AudioVizMIDI.utils.performance_monitor - INFO - [performance_monitor.py:155] -   audio_loading:
2025-11-21 11:20:40 - AudioVizMIDI.utils.performance_monitor - INFO - [performance_monitor.py:156] -     Count: 2
2025-11-21 11:20:40 - AudioVizMIDI.utils.performance_monitor - INFO - [performance_monitor.py:157] -     Average: 3.555s
2025-11-21 11:20:40 - AudioVizMIDI.utils.performance_monitor - INFO - [performance_monitor.py:158] -     Min: 0.785s
2025-11-21 11:20:40 - AudioVizMIDI.utils.performance_monitor - INFO - [performance_monitor.py:159] -     Max: 6.326s
2025-11-21 11:20:40 - AudioVizMIDI.utils.performance_monitor - INFO - [performance_monitor.py:155] -   pitch_detection:
2025-11-21 11:20:40 - AudioVizMIDI.utils.performance_monitor - INFO - [performance_monitor.py:156] -     Count: 2
2025-11-21 11:20:40 - AudioVizMIDI.utils.performance_monitor - INFO - [performance_monitor.py:157] -     Average: 1.052s
2025-11-21 11:20:40 - AudioVizMIDI.utils.performance_monitor - INFO - [performance_monitor.py:158] -     Min: 0.746s
2025-11-21 11:20:40 - AudioVizMIDI.utils.performance_monitor - INFO - [performance_monitor.py:159] -     Max: 1.358s
2025-11-21 11:20:40 - AudioVizMIDI.utils.performance_monitor - INFO - [performance_monitor.py:155] -   onset_detection:
2025-11-21 11:20:40 - AudioVizMIDI.utils.performance_monitor - INFO - [performance_monitor.py:156] -     Count: 2
2025-11-21 11:20:40 - AudioVizMIDI.utils.performance_monitor - INFO - [performance_monitor.py:157] -     Average: 0.514s
2025-11-21 11:20:40 - AudioVizMIDI.utils.performance_monitor - INFO - [performance_monitor.py:158] -     Min: 0.427s
2025-11-21 11:20:40 - AudioVizMIDI.utils.performance_monitor - INFO - [performance_monitor.py:159] -     Max: 0.600s
2025-11-21 11:20:40 - AudioVizMIDI.utils.performance_monitor - INFO - [performance_monitor.py:155] -   midi_conversion:
2025-11-21 11:20:40 - AudioVizMIDI.utils.performance_monitor - INFO - [performance_monitor.py:156] -     Count: 2
2025-11-21 11:20:40 - AudioVizMIDI.utils.performance_monitor - INFO - [performance_monitor.py:157] -     Average: 0.107s
2025-11-21 11:20:40 - AudioVizMIDI.utils.performance_monitor - INFO - [performance_monitor.py:158] -     Min: 0.098s
2025-11-21 11:20:40 - AudioVizMIDI.utils.performance_monitor - INFO - [performance_monitor.py:159] -     Max: 0.116s
2025-11-21 11:20:40 - AudioVizMIDI.utils.performance_monitor - INFO - [performance_monitor.py:155] -   quantization:
2025-11-21 11:20:40 - AudioVizMIDI.utils.performance_monitor - INFO - [performance_monitor.py:156] -     Count: 2
2025-11-21 11:20:40 - AudioVizMIDI.utils.performance_monitor - INFO - [performance_monitor.py:157] -     Average: 0.038s
2025-11-21 11:20:40 - AudioVizMIDI.utils.performance_monitor - INFO - [performance_monitor.py:158] -     Min: 0.037s
2025-11-21 11:20:40 - AudioVizMIDI.utils.performance_monitor - INFO - [performance_monitor.py:159] -     Max: 0.038s
2025-11-21 11:20:40 - AudioVizMIDI.utils.performance_monitor - INFO - [performance_monitor.py:155] -   transcription:
2025-11-21 11:20:40 - AudioVizMIDI.utils.performance_monitor - INFO - [performance_monitor.py:156] -     Count: 2
2025-11-21 11:20:40 - AudioVizMIDI.utils.performance_monitor - INFO - [performance_monitor.py:157] -     Average: 5.330s
2025-11-21 11:20:40 - AudioVizMIDI.utils.performance_monitor - INFO - [performance_monitor.py:158] -     Min: 2.157s
2025-11-21 11:20:40 - AudioVizMIDI.utils.performance_monitor - INFO - [performance_monitor.py:159] -     Max: 8.503s
2025-11-21 11:20:40 - AudioVizMIDI.utils.performance_monitor - INFO - [performance_monitor.py:161] - ============================================================
2025-11-21 11:20:40 - AudioVizMIDI.playback.playback_controller - INFO - [playback_controller.py:336] - Cleaning up playback controller
2025-11-21 11:20:40 - AudioVizMIDI.visualization.pygame_widget - INFO - [pygame_widget.py:295] - Cleaning up Pygame resources
2025-11-21 11:20:40 - AudioVizMIDI.utils.config - INFO - [config.py:101] - Configuration saved to config.json
2025-11-21 11:20:40 - AudioVizMIDI.gui.main_window - INFO - [main_window.py:1498] - Main window closing
2025-11-21 11:20:40 - AudioVizMIDI - INFO - [main.py:53] - Application shutting down
2025-11-21 11:20:40 - AudioVizMIDI - INFO - [main.py:54] - Exit code: 0
