2025-11-19 14:38:37 - AudioVizMIDI - INFO - [logger.py:63] - Logging system initialized
2025-11-19 14:38:37 - AudioVizMIDI - INFO - [logger.py:64] - Log file: logs/audioviz_20251119_143837.log
2025-11-19 14:38:37 - AudioVizMIDI - INFO - [test_integration.py:289] - 
============================================================
2025-11-19 14:38:37 - AudioVizMIDI - INFO - [test_integration.py:290] - STARTING INTEGRATION TEST SUITE
2025-11-19 14:38:37 - AudioVizMIDI - INFO - [test_integration.py:291] - ============================================================
2025-11-19 14:38:37 - AudioVizMIDI - INFO - [test_integration.py:48] - 
============================================================
2025-11-19 14:38:37 - AudioVizMIDI - INFO - [test_integration.py:49] - TEST: Audio Loading
2025-11-19 14:38:37 - AudioVizMIDI - INFO - [test_integration.py:50] - ============================================================
2025-11-19 14:38:37 - AudioVizMIDI.utils.config - INFO - [config.py:84] - Configuration loaded from config.json
2025-11-19 14:38:37 - AudioVizMIDI.audio.audio_loader - INFO - [audio_loader.py:53] - AudioLoader initialized
2025-11-19 14:38:37 - AudioVizMIDI - INFO - [test_integration.py:23] - Creating test audio...
2025-11-19 14:38:37 - AudioVizMIDI - INFO - [test_integration.py:42] - Test audio created: test_audio_integration.wav
2025-11-19 14:38:37 - AudioVizMIDI - INFO - [test_integration.py:59] - ✓ File validation passed
2025-11-19 14:38:37 - AudioVizMIDI.audio.audio_loader - INFO - [audio_loader.py:73] - Loading audio file: test_audio_integration.wav
2025-11-19 14:38:39 - AudioVizMIDI.audio.audio_loader - INFO - [audio_loader.py:98] - Audio loaded successfully
2025-11-19 14:38:39 - AudioVizMIDI.audio.audio_loader - INFO - [audio_loader.py:112] - Preprocessing complete. Duration: 3.00s
2025-11-19 14:38:39 - AudioVizMIDI - INFO - [test_integration.py:66] - ✓ Audio loaded: 66150 samples at 22050 Hz
2025-11-19 14:38:39 - AudioVizMIDI - INFO - [test_integration.py:71] - ✓ Audio info: 3.00s duration
2025-11-19 14:38:39 - AudioVizMIDI - INFO - [test_integration.py:73] - ✅ Audio Loading Test PASSED
2025-11-19 14:38:39 - AudioVizMIDI - INFO - [test_integration.py:83] - 
============================================================
2025-11-19 14:38:39 - AudioVizMIDI - INFO - [test_integration.py:84] - TEST: Pitch Detection
2025-11-19 14:38:39 - AudioVizMIDI - INFO - [test_integration.py:85] - ============================================================
2025-11-19 14:38:39 - AudioVizMIDI.utils.config - INFO - [config.py:84] - Configuration loaded from config.json
2025-11-19 14:38:39 - AudioVizMIDI.audio.pitch_detector - INFO - [pitch_detector.py:51] - PitchDetector initialized with algorithm: piptrack
2025-11-19 14:38:39 - AudioVizMIDI.audio.pitch_detector - INFO - [pitch_detector.py:78] - Starting pitch detection using piptrack algorithm...
2025-11-19 14:38:39 - AudioVizMIDI.audio.pitch_detector - INFO - [pitch_detector.py:101] - Pitch detection complete
2025-11-19 14:38:39 - AudioVizMIDI - INFO - [test_integration.py:95] - ✓ Pitch detection: 130 frames analyzed
2025-11-19 14:38:39 - AudioVizMIDI - INFO - [test_integration.py:101] - ✓ Statistics: 125 frames with pitch
2025-11-19 14:38:39 - AudioVizMIDI - INFO - [test_integration.py:102] - ✓ Pitch coverage: 96.2%
2025-11-19 14:38:39 - AudioVizMIDI - INFO - [test_integration.py:107] - ✓ Frequency conversion working
2025-11-19 14:38:39 - AudioVizMIDI - INFO - [test_integration.py:109] - ✅ Pitch Detection Test PASSED
2025-11-19 14:38:39 - AudioVizMIDI - INFO - [test_integration.py:119] - 
============================================================
2025-11-19 14:38:39 - AudioVizMIDI - INFO - [test_integration.py:120] - TEST: Onset Detection
2025-11-19 14:38:39 - AudioVizMIDI - INFO - [test_integration.py:121] - ============================================================
2025-11-19 14:38:39 - AudioVizMIDI.utils.config - INFO - [config.py:84] - Configuration loaded from config.json
2025-11-19 14:38:39 - AudioVizMIDI.audio.onset_detector - INFO - [onset_detector.py:51] - OnsetDetector initialized
2025-11-19 14:38:39 - AudioVizMIDI.audio.onset_detector - INFO - [onset_detector.py:72] - Detecting onsets using 'energy' method...
2025-11-19 14:38:39 - AudioVizMIDI.audio.onset_detector - INFO - [onset_detector.py:115] - Onset detection complete: 9 onsets detected
2025-11-19 14:38:39 - AudioVizMIDI - INFO - [test_integration.py:129] - ✓ Onset detection: 9 onsets found
2025-11-19 14:38:39 - AudioVizMIDI - INFO - [test_integration.py:134] - ✓ Statistics: 9 onsets
2025-11-19 14:38:39 - AudioVizMIDI - INFO - [test_integration.py:140] - ✓ Intervals: 9 note segments
2025-11-19 14:38:39 - AudioVizMIDI - INFO - [test_integration.py:142] - ✅ Onset Detection Test PASSED
2025-11-19 14:38:39 - AudioVizMIDI - INFO - [test_integration.py:152] - 
============================================================
2025-11-19 14:38:39 - AudioVizMIDI - INFO - [test_integration.py:153] - TEST: MIDI Conversion
2025-11-19 14:38:39 - AudioVizMIDI - INFO - [test_integration.py:154] - ============================================================
2025-11-19 14:38:39 - AudioVizMIDI.utils.config - INFO - [config.py:84] - Configuration loaded from config.json
2025-11-19 14:38:39 - AudioVizMIDI.midi.midi_converter - INFO - [midi_converter.py:41] - MIDIConverter initialized
2025-11-19 14:38:39 - AudioVizMIDI.midi.midi_converter - INFO - [midi_converter.py:63] - Converting audio analysis to MIDI notes...
2025-11-19 14:38:39 - AudioVizMIDI.midi.midi_converter - INFO - [midi_converter.py:75] - Conversion complete: 4 notes created
2025-11-19 14:38:39 - AudioVizMIDI - INFO - [test_integration.py:163] - ✓ MIDI conversion: 4 notes created
2025-11-19 14:38:39 - AudioVizMIDI - INFO - [test_integration.py:169] - ✓ Statistics: 4 notes, 2.32s
2025-11-19 14:38:39 - AudioVizMIDI - INFO - [test_integration.py:170] - ✓ Pitch range: (62, 67)
2025-11-19 14:38:39 - AudioVizMIDI - INFO - [test_integration.py:178] - ✓ Note structure valid
2025-11-19 14:38:39 - AudioVizMIDI - INFO - [test_integration.py:180] - ✅ MIDI Conversion Test PASSED
2025-11-19 14:38:39 - AudioVizMIDI - INFO - [test_integration.py:190] - 
============================================================
2025-11-19 14:38:39 - AudioVizMIDI - INFO - [test_integration.py:191] - TEST: Note Quantization
2025-11-19 14:38:39 - AudioVizMIDI - INFO - [test_integration.py:192] - ============================================================
2025-11-19 14:38:39 - AudioVizMIDI.utils.config - INFO - [config.py:84] - Configuration loaded from config.json
2025-11-19 14:38:39 - AudioVizMIDI.midi.note_quantizer - INFO - [note_quantizer.py:49] - NoteQuantizer initialized
2025-11-19 14:38:39 - AudioVizMIDI.midi.note_quantizer - INFO - [note_quantizer.py:63] - Starting note quantization...
2025-11-19 14:38:39 - AudioVizMIDI.midi.note_quantizer - INFO - [note_quantizer.py:243] - Filled 2 gaps
2025-11-19 14:38:39 - AudioVizMIDI.midi.note_quantizer - INFO - [note_quantizer.py:99] - Quantization complete: 4 -> 4 notes
2025-11-19 14:38:39 - AudioVizMIDI - INFO - [test_integration.py:201] - ✓ Quantization: 4 -> 4 notes
2025-11-19 14:38:39 - AudioVizMIDI - INFO - [test_integration.py:210] - ✓ All quantized notes valid
2025-11-19 14:38:39 - AudioVizMIDI - INFO - [test_integration.py:212] - ✅ Quantization Test PASSED
2025-11-19 14:38:39 - AudioVizMIDI - INFO - [test_integration.py:222] - 
============================================================
2025-11-19 14:38:39 - AudioVizMIDI - INFO - [test_integration.py:223] - TEST: MIDI Export
2025-11-19 14:38:39 - AudioVizMIDI - INFO - [test_integration.py:224] - ============================================================
2025-11-19 14:38:39 - AudioVizMIDI.utils.config - INFO - [config.py:84] - Configuration loaded from config.json
2025-11-19 14:38:39 - AudioVizMIDI.export.midi_exporter - INFO - [midi_exporter.py:38] - MIDIExporter initialized
2025-11-19 14:38:39 - AudioVizMIDI.export.midi_exporter - INFO - [midi_exporter.py:54] - Exporting MIDI to: test_output.mid
2025-11-19 14:38:39 - AudioVizMIDI.export.midi_exporter - INFO - [midi_exporter.py:91] - MIDI file exported successfully: 86 bytes
2025-11-19 14:38:39 - AudioVizMIDI - INFO - [test_integration.py:234] - ✓ MIDI exported: test_output.mid
2025-11-19 14:38:39 - AudioVizMIDI - INFO - [test_integration.py:239] - ✓ File size: 86 bytes
2025-11-19 14:38:39 - AudioVizMIDI - INFO - [test_integration.py:244] - ✓ Path validation working
2025-11-19 14:38:39 - AudioVizMIDI - INFO - [test_integration.py:246] - ✅ MIDI Export Test PASSED
2025-11-19 14:38:39 - AudioVizMIDI - INFO - [test_integration.py:256] - 
============================================================
2025-11-19 14:38:39 - AudioVizMIDI - INFO - [test_integration.py:257] - TEST: JSON Export
2025-11-19 14:38:39 - AudioVizMIDI - INFO - [test_integration.py:258] - ============================================================
2025-11-19 14:38:39 - AudioVizMIDI.utils.config - INFO - [config.py:84] - Configuration loaded from config.json
2025-11-19 14:38:39 - AudioVizMIDI.export.json_exporter - INFO - [json_exporter.py:37] - JSONExporter initialized
2025-11-19 14:38:39 - AudioVizMIDI.export.json_exporter - INFO - [json_exporter.py:53] - Exporting JSON to: test_output.json
2025-11-19 14:38:39 - AudioVizMIDI.export.json_exporter - INFO - [json_exporter.py:79] - JSON file exported successfully: 1354 bytes
2025-11-19 14:38:39 - AudioVizMIDI - INFO - [test_integration.py:268] - ✓ JSON exported: test_output.json
2025-11-19 14:38:39 - AudioVizMIDI - INFO - [test_integration.py:277] - ✓ JSON contains 4 notes
2025-11-19 14:38:39 - AudioVizMIDI - INFO - [test_integration.py:279] - ✅ JSON Export Test PASSED
2025-11-19 14:38:39 - AudioVizMIDI - INFO - [test_integration.py:338] - 
============================================================
2025-11-19 14:38:39 - AudioVizMIDI - INFO - [test_integration.py:339] - TEST SUMMARY
2025-11-19 14:38:39 - AudioVizMIDI - INFO - [test_integration.py:340] - ============================================================
2025-11-19 14:38:39 - AudioVizMIDI - INFO - [test_integration.py:347] - ✅ PASS - audio_loading
2025-11-19 14:38:39 - AudioVizMIDI - INFO - [test_integration.py:347] - ✅ PASS - pitch_detection
2025-11-19 14:38:39 - AudioVizMIDI - INFO - [test_integration.py:347] - ✅ PASS - onset_detection
2025-11-19 14:38:39 - AudioVizMIDI - INFO - [test_integration.py:347] - ✅ PASS - midi_conversion
2025-11-19 14:38:39 - AudioVizMIDI - INFO - [test_integration.py:347] - ✅ PASS - quantization
2025-11-19 14:38:39 - AudioVizMIDI - INFO - [test_integration.py:347] - ✅ PASS - midi_export
2025-11-19 14:38:39 - AudioVizMIDI - INFO - [test_integration.py:347] - ✅ PASS - json_export
2025-11-19 14:38:39 - AudioVizMIDI - INFO - [test_integration.py:349] - ============================================================
2025-11-19 14:38:39 - AudioVizMIDI - INFO - [test_integration.py:350] - Results: 7/7 tests passed (100%)
2025-11-19 14:38:39 - AudioVizMIDI - INFO - [test_integration.py:351] - ============================================================
