2025-11-19 11:45:42 - AudioVizMIDI - INFO - [logger.py:63] - Logging system initialized
2025-11-19 11:45:42 - AudioVizMIDI - INFO - [logger.py:64] - Log file: logs/audioviz_20251119_114542.log
2025-11-19 11:45:42 - AudioVizMIDI - INFO - [main.py:16] - ============================================================
2025-11-19 11:45:42 - AudioVizMIDI - INFO - [main.py:17] - AudioViz MIDI Application Starting
2025-11-19 11:45:42 - AudioVizMIDI - INFO - [main.py:18] - ============================================================
2025-11-19 11:45:42 - AudioVizMIDI.utils.config - INFO - [config.py:84] - Configuration loaded from config.json
2025-11-19 11:45:42 - AudioVizMIDI.gui.main_window - INFO - [main_window.py:49] - Main window initialized
2025-11-19 11:45:42 - AudioVizMIDI - INFO - [main.py:32] - Main window displayed
2025-11-19 11:45:42 - AudioVizMIDI - INFO - [main.py:33] - Application ready
2025-11-19 11:45:49 - AudioVizMIDI.gui.file_drop_widget - INFO - [file_drop_widget.py:149] - File dropped: C:/Users/brice.saah/Desktop/TEST PROJECT/test_scale.wav
2025-11-19 11:45:49 - AudioVizMIDI.gui.main_window - INFO - [main_window.py:405] - File dropped: C:/Users/brice.saah/Desktop/TEST PROJECT/test_scale.wav
2025-11-19 11:45:49 - AudioVizMIDI.utils.config - INFO - [config.py:84] - Configuration loaded from config.json
2025-11-19 11:45:49 - AudioVizMIDI.audio.audio_loader - INFO - [audio_loader.py:53] - AudioLoader initialized
2025-11-19 11:45:49 - AudioVizMIDI.utils.config - INFO - [config.py:101] - Configuration saved to config.json
2025-11-19 11:45:49 - AudioVizMIDI.gui.main_window - INFO - [main_window.py:433] - File loaded successfully via drag-and-drop: test_scale.wav
2025-11-19 11:45:56 - AudioVizMIDI.gui.main_window - INFO - [main_window.py:360] - Open file dialog triggered
2025-11-19 11:45:58 - AudioVizMIDI.gui.main_window - INFO - [main_window.py:376] - File selected: C:/Users/brice.saah/Desktop/TEST PROJECT/test_scale.wav
2025-11-19 11:45:58 - AudioVizMIDI.utils.config - INFO - [config.py:101] - Configuration saved to config.json
2025-11-19 11:45:58 - AudioVizMIDI.gui.main_window - INFO - [main_window.py:393] - File loaded successfully via menu: test_scale.wav
2025-11-19 11:46:27 - AudioVizMIDI.gui.main_window - INFO - [main_window.py:467] - Transcribe triggered
2025-11-19 11:46:48 - AudioVizMIDI.utils.config - INFO - [config.py:101] - Configuration saved to config.json
2025-11-19 11:46:48 - AudioVizMIDI.gui.main_window - INFO - [main_window.py:623] - Main window closing
2025-11-19 11:46:48 - AudioVizMIDI - INFO - [main.py:38] - Application shutting down
2025-11-19 11:46:48 - AudioVizMIDI - INFO - [main.py:39] - Exit code: 0
