2025-11-19 14:05:47 - AudioVizMIDI - INFO - [logger.py:63] - Logging system initialized
2025-11-19 14:05:47 - AudioVizMIDI - INFO - [logger.py:64] - Log file: logs/audioviz_20251119_140547.log
2025-11-19 14:05:47 - AudioVizMIDI - INFO - [main.py:16] - ============================================================
2025-11-19 14:05:47 - AudioVizMIDI - INFO - [main.py:17] - AudioViz MIDI Application Starting
2025-11-19 14:05:47 - AudioVizMIDI - INFO - [main.py:18] - ============================================================
2025-11-19 14:05:47 - AudioVizMIDI.utils.config - INFO - [config.py:84] - Configuration loaded from config.json
2025-11-19 14:05:48 - AudioVizMIDI.playback.playback_controller - INFO - [playback_controller.py:75] - Pygame mixer initialized
2025-11-19 14:05:48 - AudioVizMIDI.playback.playback_controller - INFO - [playback_controller.py:63] - PlaybackController initialized
2025-11-19 14:05:48 - AudioVizMIDI.export.midi_exporter - INFO - [midi_exporter.py:38] - MIDIExporter initialized
2025-11-19 14:05:48 - AudioVizMIDI.export.json_exporter - INFO - [json_exporter.py:37] - JSONExporter initialized
2025-11-19 14:05:49 - AudioVizMIDI.visualization.pygame_widget - INFO - [pygame_widget.py:84] - Pygame initialized with surface size: (800, 480)
2025-11-19 14:05:49 - AudioVizMIDI.visualization.pygame_widget - INFO - [pygame_widget.py:113] - Pygame initialized with surface size: (800, 480)
2025-11-19 14:05:49 - AudioVizMIDI.visualization.pygame_widget - INFO - [pygame_widget.py:48] - PygameWidget initialized
2025-11-19 14:05:49 - AudioVizMIDI.gui.main_window - INFO - [main_window.py:290] - Keyboard shortcuts configured
2025-11-19 14:05:49 - AudioVizMIDI.gui.main_window - INFO - [main_window.py:66] - Main window initialized
2025-11-19 14:05:49 - AudioVizMIDI - INFO - [main.py:32] - Main window displayed
2025-11-19 14:05:49 - AudioVizMIDI - INFO - [main.py:33] - Application ready
2025-11-19 14:06:03 - AudioVizMIDI.playback.playback_controller - INFO - [playback_controller.py:310] - Cleaning up playback controller
2025-11-19 14:06:03 - AudioVizMIDI.visualization.pygame_widget - INFO - [pygame_widget.py:253] - Cleaning up Pygame resources
2025-11-19 14:06:03 - AudioVizMIDI.utils.config - INFO - [config.py:101] - Configuration saved to config.json
2025-11-19 14:06:03 - AudioVizMIDI.gui.main_window - INFO - [main_window.py:1211] - Main window closing
2025-11-19 14:06:03 - AudioVizMIDI - INFO - [main.py:38] - Application shutting down
2025-11-19 14:06:03 - AudioVizMIDI - INFO - [main.py:39] - Exit code: 0
