2025-11-19 11:38:27 - AudioVizMIDI - INFO - [logger.py:63] - Logging system initialized
2025-11-19 11:38:27 - AudioVizMIDI - INFO - [logger.py:64] - Log file: logs/audioviz_20251119_113827.log
2025-11-19 11:38:27 - AudioVizMIDI - INFO - [main.py:16] - ============================================================
2025-11-19 11:38:27 - AudioVizMIDI - INFO - [main.py:17] - AudioViz MIDI Application Starting
2025-11-19 11:38:27 - AudioVizMIDI - INFO - [main.py:18] - ============================================================
2025-11-19 11:38:27 - AudioVizMIDI.utils.config - INFO - [config.py:84] - Configuration loaded from config.json
2025-11-19 11:38:27 - AudioVizMIDI.gui.main_window - INFO - [main_window.py:49] - Main window initialized
2025-11-19 11:38:27 - AudioVizMIDI - INFO - [main.py:32] - Main window displayed
2025-11-19 11:38:27 - AudioVizMIDI - INFO - [main.py:33] - Application ready
2025-11-19 11:38:33 - AudioVizMIDI.gui.main_window - INFO - [main_window.py:360] - Open file dialog triggered
2025-11-19 11:38:36 - AudioVizMIDI.gui.main_window - INFO - [main_window.py:374] - File selected: C:/Users/brice.saah/Desktop/TEST PROJECT/test_scale.wav
2025-11-19 11:38:36 - AudioVizMIDI.utils.config - INFO - [config.py:101] - Configuration saved to config.json
2025-11-19 11:38:41 - AudioVizMIDI.gui.main_window - INFO - [main_window.py:447] - Transcribe triggered
2025-11-19 11:38:52 - AudioVizMIDI.gui.file_drop_widget - INFO - [file_drop_widget.py:149] - File dropped: C:/Users/brice.saah/Desktop/TEST PROJECT/test_scale.wav
2025-11-19 11:38:52 - AudioVizMIDI.gui.main_window - INFO - [main_window.py:398] - File dropped: C:/Users/brice.saah/Desktop/TEST PROJECT/test_scale.wav
2025-11-19 11:38:52 - AudioVizMIDI.utils.config - INFO - [config.py:84] - Configuration loaded from config.json
2025-11-19 11:38:52 - AudioVizMIDI.audio.audio_loader - INFO - [audio_loader.py:53] - AudioLoader initialized
2025-11-19 11:38:52 - AudioVizMIDI.utils.config - INFO - [config.py:101] - Configuration saved to config.json
2025-11-19 11:38:58 - AudioVizMIDI.gui.file_drop_widget - INFO - [file_drop_widget.py:149] - File dropped: C:/Users/brice.saah/Desktop/TEST PROJECT/test_scale.wav
2025-11-19 11:38:58 - AudioVizMIDI.gui.main_window - INFO - [main_window.py:398] - File dropped: C:/Users/brice.saah/Desktop/TEST PROJECT/test_scale.wav
2025-11-19 11:38:58 - AudioVizMIDI.utils.config - INFO - [config.py:84] - Configuration loaded from config.json
2025-11-19 11:38:58 - AudioVizMIDI.audio.audio_loader - INFO - [audio_loader.py:53] - AudioLoader initialized
2025-11-19 11:38:58 - AudioVizMIDI.utils.config - INFO - [config.py:101] - Configuration saved to config.json
2025-11-19 11:39:09 - AudioVizMIDI.utils.config - INFO - [config.py:101] - Configuration saved to config.json
2025-11-19 11:39:09 - AudioVizMIDI.gui.main_window - INFO - [main_window.py:603] - Main window closing
2025-11-19 11:39:09 - AudioVizMIDI - INFO - [main.py:38] - Application shutting down
2025-11-19 11:39:09 - AudioVizMIDI - INFO - [main.py:39] - Exit code: 0
