2025-11-19 11:13:48 - AudioVizMIDI - INFO - [logger.py:63] - Logging system initialized
2025-11-19 11:13:48 - AudioVizMIDI - INFO - [logger.py:64] - Log file: logs/audioviz_20251119_111348.log
2025-11-19 11:13:48 - AudioVizMIDI - INFO - [main.py:16] - ============================================================
2025-11-19 11:13:48 - AudioVizMIDI - INFO - [main.py:17] - AudioViz MIDI Application Starting
2025-11-19 11:13:48 - AudioVizMIDI - INFO - [main.py:18] - ============================================================
2025-11-19 11:13:48 - AudioVizMIDI.utils.config - INFO - [config.py:84] - Configuration loaded from config.json
2025-11-19 11:13:49 - AudioVizMIDI.gui.main_window - INFO - [main_window.py:48] - Main window initialized
2025-11-19 11:13:49 - AudioVizMIDI - INFO - [main.py:32] - Main window displayed
2025-11-19 11:13:49 - AudioVizMIDI - INFO - [main.py:33] - Application ready
2025-11-19 11:14:04 - AudioVizMIDI.gui.main_window - INFO - [main_window.py:340] - Open file dialog triggered
2025-11-19 11:14:12 - AudioVizMIDI.gui.main_window - INFO - [main_window.py:354] - File selected: C:/Users/brice.saah/Desktop/TEST PROJECT/test_scale.wav
2025-11-19 11:14:12 - AudioVizMIDI.utils.config - INFO - [config.py:101] - Configuration saved to config.json
2025-11-19 11:14:18 - AudioVizMIDI.gui.main_window - INFO - [main_window.py:376] - Transcribe triggered
2025-11-19 11:14:40 - AudioVizMIDI.gui.main_window - INFO - [main_window.py:406] - Entered fullscreen mode
2025-11-19 11:14:41 - AudioVizMIDI.gui.main_window - INFO - [main_window.py:403] - Exited fullscreen mode
2025-11-19 11:14:41 - AudioVizMIDI.gui.main_window - INFO - [main_window.py:406] - Entered fullscreen mode
2025-11-19 11:14:43 - AudioVizMIDI.gui.main_window - INFO - [main_window.py:403] - Exited fullscreen mode
2025-11-19 11:14:58 - AudioVizMIDI.gui.main_window - INFO - [main_window.py:340] - Open file dialog triggered
2025-11-19 11:15:03 - AudioVizMIDI.utils.config - INFO - [config.py:101] - Configuration saved to config.json
2025-11-19 11:15:03 - AudioVizMIDI.gui.main_window - INFO - [main_window.py:475] - Main window closing
2025-11-19 11:15:03 - AudioVizMIDI - INFO - [main.py:38] - Application shutting down
2025-11-19 11:15:03 - AudioVizMIDI - INFO - [main.py:39] - Exit code: 0
