2025-11-19 12:44:21 - AudioVizMIDI - INFO - [logger.py:63] - Logging system initialized
2025-11-19 12:44:21 - AudioVizMIDI - INFO - [logger.py:64] - Log file: logs/audioviz_20251119_124421.log
2025-11-19 12:44:21 - AudioVizMIDI - INFO - [main.py:16] - ============================================================
2025-11-19 12:44:21 - AudioVizMIDI - INFO - [main.py:17] - AudioViz MIDI Application Starting
2025-11-19 12:44:21 - AudioVizMIDI - INFO - [main.py:18] - ============================================================
2025-11-19 12:44:21 - AudioVizMIDI.utils.config - INFO - [config.py:84] - Configuration loaded from config.json
2025-11-19 12:44:21 - AudioVizMIDI.playback.playback_controller - INFO - [playback_controller.py:75] - Pygame mixer initialized
2025-11-19 12:44:21 - AudioVizMIDI.playback.playback_controller - INFO - [playback_controller.py:63] - PlaybackController initialized
2025-11-19 12:44:22 - AudioVizMIDI.visualization.pygame_widget - INFO - [pygame_widget.py:84] - Pygame initialized with surface size: (800, 480)
2025-11-19 12:44:22 - AudioVizMIDI.visualization.pygame_widget - INFO - [pygame_widget.py:113] - Pygame initialized with surface size: (800, 480)
2025-11-19 12:44:22 - AudioVizMIDI.visualization.pygame_widget - INFO - [pygame_widget.py:48] - PygameWidget initialized
2025-11-19 12:44:22 - AudioVizMIDI.gui.main_window - INFO - [main_window.py:63] - Main window initialized
2025-11-19 12:44:22 - AudioVizMIDI - INFO - [main.py:32] - Main window displayed
2025-11-19 12:44:22 - AudioVizMIDI - INFO - [main.py:33] - Application ready
2025-11-19 12:44:25 - AudioVizMIDI.gui.main_window - INFO - [main_window.py:391] - Open file dialog triggered
2025-11-19 12:44:28 - AudioVizMIDI.gui.main_window - INFO - [main_window.py:407] - File selected: C:/Users/brice.saah/Desktop/Dailogue.mp3
2025-11-19 12:44:28 - AudioVizMIDI.utils.config - INFO - [config.py:101] - Configuration saved to config.json
2025-11-19 12:44:28 - AudioVizMIDI.gui.main_window - INFO - [main_window.py:424] - File loaded successfully via menu: Dailogue.mp3
2025-11-19 12:44:29 - AudioVizMIDI.gui.main_window - INFO - [main_window.py:506] - ============================================================
2025-11-19 12:44:29 - AudioVizMIDI.gui.main_window - INFO - [main_window.py:507] - Starting transcription process...
2025-11-19 12:44:29 - AudioVizMIDI.gui.main_window - INFO - [main_window.py:508] - ============================================================
2025-11-19 12:44:29 - AudioVizMIDI.gui.main_window - INFO - [main_window.py:545] - Background processing thread started
2025-11-19 12:44:29 - AudioVizMIDI.gui.processing_thread - INFO - [processing_thread.py:46] - ============================================================
2025-11-19 12:44:29 - AudioVizMIDI.gui.processing_thread - INFO - [processing_thread.py:47] - Starting Audio-to-MIDI Transcription
2025-11-19 12:44:29 - AudioVizMIDI.gui.processing_thread - INFO - [processing_thread.py:48] - ============================================================
2025-11-19 12:44:29 - AudioVizMIDI.gui.processing_thread - INFO - [processing_thread.py:52] - Step 1: Loading audio...
2025-11-19 12:44:29 - AudioVizMIDI.utils.config - INFO - [config.py:84] - Configuration loaded from config.json
2025-11-19 12:44:29 - AudioVizMIDI.audio.audio_loader - INFO - [audio_loader.py:53] - AudioLoader initialized
2025-11-19 12:44:29 - AudioVizMIDI.audio.audio_loader - INFO - [audio_loader.py:73] - Loading audio file: C:/Users/brice.saah/Desktop/Dailogue.mp3
2025-11-19 12:44:32 - AudioVizMIDI.audio.audio_loader - INFO - [audio_loader.py:98] - Audio loaded successfully
2025-11-19 12:44:32 - AudioVizMIDI.audio.audio_loader - INFO - [audio_loader.py:112] - Preprocessing complete. Duration: 290.89s
2025-11-19 12:44:32 - AudioVizMIDI.gui.processing_thread - INFO - [processing_thread.py:61] - Audio loaded: 290.89s, 22050 Hz
2025-11-19 12:44:32 - AudioVizMIDI.gui.processing_thread - INFO - [processing_thread.py:66] - Step 2: Detecting pitch...
2025-11-19 12:44:32 - AudioVizMIDI.utils.config - INFO - [config.py:84] - Configuration loaded from config.json
2025-11-19 12:44:32 - AudioVizMIDI.audio.pitch_detector - INFO - [pitch_detector.py:51] - PitchDetector initialized with algorithm: piptrack
2025-11-19 12:44:32 - AudioVizMIDI.audio.pitch_detector - INFO - [pitch_detector.py:78] - Starting pitch detection using piptrack algorithm...
2025-11-19 12:44:33 - AudioVizMIDI.audio.pitch_detector - INFO - [pitch_detector.py:101] - Pitch detection complete
2025-11-19 12:44:33 - AudioVizMIDI.gui.processing_thread - INFO - [processing_thread.py:77] - Pitch detection: 11041 frames detected
2025-11-19 12:44:33 - AudioVizMIDI.gui.processing_thread - INFO - [processing_thread.py:82] - Step 3: Detecting onsets...
2025-11-19 12:44:33 - AudioVizMIDI.utils.config - INFO - [config.py:84] - Configuration loaded from config.json
2025-11-19 12:44:33 - AudioVizMIDI.audio.onset_detector - INFO - [onset_detector.py:51] - OnsetDetector initialized
2025-11-19 12:44:33 - AudioVizMIDI.audio.onset_detector - INFO - [onset_detector.py:72] - Detecting onsets using 'energy' method...
2025-11-19 12:44:34 - AudioVizMIDI.audio.onset_detector - INFO - [onset_detector.py:115] - Onset detection complete: 1232 onsets detected
2025-11-19 12:44:34 - AudioVizMIDI.gui.processing_thread - INFO - [processing_thread.py:91] - Onset detection: 1232 onsets found
2025-11-19 12:44:34 - AudioVizMIDI.gui.processing_thread - INFO - [processing_thread.py:96] - Step 4: Converting to MIDI...
2025-11-19 12:44:34 - AudioVizMIDI.utils.config - INFO - [config.py:84] - Configuration loaded from config.json
2025-11-19 12:44:34 - AudioVizMIDI.midi.midi_converter - INFO - [midi_converter.py:41] - MIDIConverter initialized
2025-11-19 12:44:34 - AudioVizMIDI.midi.midi_converter - INFO - [midi_converter.py:63] - Converting audio analysis to MIDI notes...
2025-11-19 12:44:34 - AudioVizMIDI.midi.midi_converter - INFO - [midi_converter.py:75] - Conversion complete: 944 notes created
2025-11-19 12:44:34 - AudioVizMIDI.gui.processing_thread - INFO - [processing_thread.py:106] - MIDI conversion: 944 notes created
2025-11-19 12:44:34 - AudioVizMIDI.gui.processing_thread - INFO - [processing_thread.py:111] - Step 5: Quantizing notes...
2025-11-19 12:44:34 - AudioVizMIDI.utils.config - INFO - [config.py:84] - Configuration loaded from config.json
2025-11-19 12:44:34 - AudioVizMIDI.midi.note_quantizer - INFO - [note_quantizer.py:49] - NoteQuantizer initialized
2025-11-19 12:44:34 - AudioVizMIDI.midi.note_quantizer - INFO - [note_quantizer.py:63] - Starting note quantization...
2025-11-19 12:44:34 - AudioVizMIDI.midi.note_quantizer - INFO - [note_quantizer.py:196] - Merged 33 adjacent note pairs
2025-11-19 12:44:34 - AudioVizMIDI.midi.note_quantizer - INFO - [note_quantizer.py:243] - Filled 30 gaps
2025-11-19 12:44:34 - AudioVizMIDI.midi.note_quantizer - INFO - [note_quantizer.py:99] - Quantization complete: 944 -> 911 notes
2025-11-19 12:44:34 - AudioVizMIDI.gui.processing_thread - INFO - [processing_thread.py:119] - Quantization: 911 notes (filtered from 944)
2025-11-19 12:44:34 - AudioVizMIDI.gui.processing_thread - INFO - [processing_thread.py:124] - ============================================================
2025-11-19 12:44:34 - AudioVizMIDI.gui.processing_thread - INFO - [processing_thread.py:125] - Transcription Complete!
2025-11-19 12:44:34 - AudioVizMIDI.gui.processing_thread - INFO - [processing_thread.py:126] - Total notes: 911
2025-11-19 12:44:34 - AudioVizMIDI.gui.processing_thread - INFO - [processing_thread.py:127] - Duration: 290.34s
2025-11-19 12:44:34 - AudioVizMIDI.gui.processing_thread - INFO - [processing_thread.py:128] - Pitch range: (41, 83)
2025-11-19 12:44:34 - AudioVizMIDI.gui.processing_thread - INFO - [processing_thread.py:129] - ============================================================
2025-11-19 12:44:34 - AudioVizMIDI.gui.main_window - INFO - [main_window.py:568] - Processing completed successfully!
2025-11-19 12:44:34 - AudioVizMIDI.visualization.piano_roll_renderer - INFO - [piano_roll_renderer.py:89] - PianoRollRenderer initialized
2025-11-19 12:44:34 - AudioVizMIDI.visualization.piano_roll_renderer - INFO - [piano_roll_renderer.py:107] - MIDI data set: 911 notes, pitch range 38-86
2025-11-19 12:44:34 - AudioVizMIDI.visualization.pygame_widget - INFO - [pygame_widget.py:207] - Renderer set: PianoRollRenderer
2025-11-19 12:44:34 - AudioVizMIDI.visualization.piano_roll_renderer - INFO - [piano_roll_renderer.py:107] - MIDI data set: 911 notes, pitch range 38-86
2025-11-19 12:44:34 - AudioVizMIDI.visualization.pygame_widget - INFO - [pygame_widget.py:218] - MIDI data passed to renderer
2025-11-19 12:44:34 - AudioVizMIDI.gui.main_window - ERROR - [main_window.py:584] - Failed to load audio for playback: cannot access local variable 'stats' where it is not associated with a value
2025-11-19 12:44:48 - AudioVizMIDI.gui.main_window - INFO - [main_window.py:837] - Window size reset to default
2025-11-19 12:44:51 - AudioVizMIDI.gui.control_panel - INFO - [control_panel.py:228] - Play button clicked
2025-11-19 12:44:51 - AudioVizMIDI.gui.main_window - INFO - [main_window.py:633] - Play requested from control panel
2025-11-19 12:44:51 - AudioVizMIDI.playback.playback_controller - WARNING - [playback_controller.py:113] - No audio file loaded
2025-11-19 12:44:54 - AudioVizMIDI.gui.control_panel - INFO - [control_panel.py:228] - Play button clicked
2025-11-19 12:44:54 - AudioVizMIDI.gui.main_window - INFO - [main_window.py:633] - Play requested from control panel
2025-11-19 12:44:54 - AudioVizMIDI.playback.playback_controller - WARNING - [playback_controller.py:113] - No audio file loaded
2025-11-19 12:44:58 - AudioVizMIDI.gui.control_panel - INFO - [control_panel.py:228] - Play button clicked
2025-11-19 12:44:58 - AudioVizMIDI.gui.main_window - INFO - [main_window.py:633] - Play requested from control panel
2025-11-19 12:44:58 - AudioVizMIDI.playback.playback_controller - WARNING - [playback_controller.py:113] - No audio file loaded
2025-11-19 12:45:00 - AudioVizMIDI.gui.control_panel - INFO - [control_panel.py:228] - Play button clicked
2025-11-19 12:45:00 - AudioVizMIDI.gui.main_window - INFO - [main_window.py:633] - Play requested from control panel
2025-11-19 12:45:00 - AudioVizMIDI.playback.playback_controller - WARNING - [playback_controller.py:113] - No audio file loaded
2025-11-19 12:45:03 - AudioVizMIDI.gui.control_panel - INFO - [control_panel.py:228] - Play button clicked
2025-11-19 12:45:03 - AudioVizMIDI.gui.main_window - INFO - [main_window.py:633] - Play requested from control panel
2025-11-19 12:45:03 - AudioVizMIDI.playback.playback_controller - WARNING - [playback_controller.py:113] - No audio file loaded
2025-11-19 12:45:04 - AudioVizMIDI.gui.control_panel - INFO - [control_panel.py:228] - Play button clicked
2025-11-19 12:45:04 - AudioVizMIDI.gui.main_window - INFO - [main_window.py:633] - Play requested from control panel
2025-11-19 12:45:04 - AudioVizMIDI.playback.playback_controller - WARNING - [playback_controller.py:113] - No audio file loaded
2025-11-19 12:45:11 - AudioVizMIDI.gui.main_window - INFO - [main_window.py:391] - Open file dialog triggered
2025-11-19 12:45:17 - AudioVizMIDI.gui.main_window - INFO - [main_window.py:391] - Open file dialog triggered
2025-11-19 12:45:23 - AudioVizMIDI.gui.main_window - INFO - [main_window.py:407] - File selected: C:/Users/brice.saah/Desktop/TEST PROJECT/test_scale.wav
2025-11-19 12:45:23 - AudioVizMIDI.utils.config - INFO - [config.py:101] - Configuration saved to config.json
2025-11-19 12:45:23 - AudioVizMIDI.gui.main_window - INFO - [main_window.py:424] - File loaded successfully via menu: test_scale.wav
2025-11-19 12:45:25 - AudioVizMIDI.gui.main_window - INFO - [main_window.py:506] - ============================================================
2025-11-19 12:45:25 - AudioVizMIDI.gui.main_window - INFO - [main_window.py:507] - Starting transcription process...
2025-11-19 12:45:25 - AudioVizMIDI.gui.main_window - INFO - [main_window.py:508] - ============================================================
2025-11-19 12:45:25 - AudioVizMIDI.gui.main_window - INFO - [main_window.py:545] - Background processing thread started
2025-11-19 12:45:25 - AudioVizMIDI.gui.processing_thread - INFO - [processing_thread.py:46] - ============================================================
2025-11-19 12:45:25 - AudioVizMIDI.gui.processing_thread - INFO - [processing_thread.py:47] - Starting Audio-to-MIDI Transcription
2025-11-19 12:45:25 - AudioVizMIDI.gui.processing_thread - INFO - [processing_thread.py:48] - ============================================================
2025-11-19 12:45:25 - AudioVizMIDI.gui.processing_thread - INFO - [processing_thread.py:52] - Step 1: Loading audio...
2025-11-19 12:45:25 - AudioVizMIDI.utils.config - INFO - [config.py:84] - Configuration loaded from config.json
2025-11-19 12:45:25 - AudioVizMIDI.audio.audio_loader - INFO - [audio_loader.py:53] - AudioLoader initialized
2025-11-19 12:45:25 - AudioVizMIDI.audio.audio_loader - INFO - [audio_loader.py:73] - Loading audio file: C:/Users/brice.saah/Desktop/TEST PROJECT/test_scale.wav
2025-11-19 12:45:25 - AudioVizMIDI.audio.audio_loader - INFO - [audio_loader.py:98] - Audio loaded successfully
2025-11-19 12:45:25 - AudioVizMIDI.audio.audio_loader - INFO - [audio_loader.py:112] - Preprocessing complete. Duration: 3.00s
2025-11-19 12:45:25 - AudioVizMIDI.gui.processing_thread - INFO - [processing_thread.py:61] - Audio loaded: 3.00s, 22050 Hz
2025-11-19 12:45:25 - AudioVizMIDI.gui.processing_thread - INFO - [processing_thread.py:66] - Step 2: Detecting pitch...
2025-11-19 12:45:25 - AudioVizMIDI.utils.config - INFO - [config.py:84] - Configuration loaded from config.json
2025-11-19 12:45:25 - AudioVizMIDI.audio.pitch_detector - INFO - [pitch_detector.py:51] - PitchDetector initialized with algorithm: piptrack
2025-11-19 12:45:25 - AudioVizMIDI.audio.pitch_detector - INFO - [pitch_detector.py:78] - Starting pitch detection using piptrack algorithm...
2025-11-19 12:45:25 - AudioVizMIDI.audio.pitch_detector - INFO - [pitch_detector.py:101] - Pitch detection complete
2025-11-19 12:45:25 - AudioVizMIDI.gui.processing_thread - INFO - [processing_thread.py:77] - Pitch detection: 125 frames detected
2025-11-19 12:45:25 - AudioVizMIDI.gui.processing_thread - INFO - [processing_thread.py:82] - Step 3: Detecting onsets...
2025-11-19 12:45:25 - AudioVizMIDI.utils.config - INFO - [config.py:84] - Configuration loaded from config.json
2025-11-19 12:45:25 - AudioVizMIDI.audio.onset_detector - INFO - [onset_detector.py:51] - OnsetDetector initialized
2025-11-19 12:45:25 - AudioVizMIDI.audio.onset_detector - INFO - [onset_detector.py:72] - Detecting onsets using 'energy' method...
2025-11-19 12:45:25 - AudioVizMIDI.audio.onset_detector - INFO - [onset_detector.py:115] - Onset detection complete: 9 onsets detected
2025-11-19 12:45:25 - AudioVizMIDI.gui.processing_thread - INFO - [processing_thread.py:91] - Onset detection: 9 onsets found
2025-11-19 12:45:25 - AudioVizMIDI.gui.processing_thread - INFO - [processing_thread.py:96] - Step 4: Converting to MIDI...
2025-11-19 12:45:25 - AudioVizMIDI.utils.config - INFO - [config.py:84] - Configuration loaded from config.json
2025-11-19 12:45:25 - AudioVizMIDI.midi.midi_converter - INFO - [midi_converter.py:41] - MIDIConverter initialized
2025-11-19 12:45:25 - AudioVizMIDI.midi.midi_converter - INFO - [midi_converter.py:63] - Converting audio analysis to MIDI notes...
2025-11-19 12:45:25 - AudioVizMIDI.midi.midi_converter - INFO - [midi_converter.py:75] - Conversion complete: 4 notes created
2025-11-19 12:45:25 - AudioVizMIDI.gui.processing_thread - INFO - [processing_thread.py:106] - MIDI conversion: 4 notes created
2025-11-19 12:45:25 - AudioVizMIDI.gui.processing_thread - INFO - [processing_thread.py:111] - Step 5: Quantizing notes...
2025-11-19 12:45:25 - AudioVizMIDI.utils.config - INFO - [config.py:84] - Configuration loaded from config.json
2025-11-19 12:45:25 - AudioVizMIDI.midi.note_quantizer - INFO - [note_quantizer.py:49] - NoteQuantizer initialized
2025-11-19 12:45:25 - AudioVizMIDI.midi.note_quantizer - INFO - [note_quantizer.py:63] - Starting note quantization...
2025-11-19 12:45:25 - AudioVizMIDI.midi.note_quantizer - INFO - [note_quantizer.py:243] - Filled 2 gaps
2025-11-19 12:45:25 - AudioVizMIDI.midi.note_quantizer - INFO - [note_quantizer.py:99] - Quantization complete: 4 -> 4 notes
2025-11-19 12:45:25 - AudioVizMIDI.gui.processing_thread - INFO - [processing_thread.py:119] - Quantization: 4 notes (filtered from 4)
2025-11-19 12:45:25 - AudioVizMIDI.gui.processing_thread - INFO - [processing_thread.py:124] - ============================================================
2025-11-19 12:45:25 - AudioVizMIDI.gui.processing_thread - INFO - [processing_thread.py:125] - Transcription Complete!
2025-11-19 12:45:25 - AudioVizMIDI.gui.processing_thread - INFO - [processing_thread.py:126] - Total notes: 4
2025-11-19 12:45:25 - AudioVizMIDI.gui.processing_thread - INFO - [processing_thread.py:127] - Duration: 2.32s
2025-11-19 12:45:25 - AudioVizMIDI.gui.processing_thread - INFO - [processing_thread.py:128] - Pitch range: (62, 67)
2025-11-19 12:45:25 - AudioVizMIDI.gui.processing_thread - INFO - [processing_thread.py:129] - ============================================================
2025-11-19 12:45:25 - AudioVizMIDI.gui.main_window - INFO - [main_window.py:568] - Processing completed successfully!
2025-11-19 12:45:25 - AudioVizMIDI.visualization.piano_roll_renderer - INFO - [piano_roll_renderer.py:89] - PianoRollRenderer initialized
2025-11-19 12:45:25 - AudioVizMIDI.visualization.piano_roll_renderer - INFO - [piano_roll_renderer.py:107] - MIDI data set: 4 notes, pitch range 59-70
2025-11-19 12:45:25 - AudioVizMIDI.visualization.pygame_widget - INFO - [pygame_widget.py:207] - Renderer set: PianoRollRenderer
2025-11-19 12:45:25 - AudioVizMIDI.visualization.piano_roll_renderer - INFO - [piano_roll_renderer.py:107] - MIDI data set: 4 notes, pitch range 59-70
2025-11-19 12:45:25 - AudioVizMIDI.visualization.pygame_widget - INFO - [pygame_widget.py:218] - MIDI data passed to renderer
2025-11-19 12:45:25 - AudioVizMIDI.gui.main_window - ERROR - [main_window.py:584] - Failed to load audio for playback: cannot access local variable 'stats' where it is not associated with a value
2025-11-19 12:45:31 - AudioVizMIDI.playback.playback_controller - INFO - [playback_controller.py:310] - Cleaning up playback controller
2025-11-19 12:45:31 - AudioVizMIDI.visualization.pygame_widget - INFO - [pygame_widget.py:253] - Cleaning up Pygame resources
2025-11-19 12:45:31 - AudioVizMIDI.utils.config - INFO - [config.py:101] - Configuration saved to config.json
2025-11-19 12:45:31 - AudioVizMIDI.gui.main_window - INFO - [main_window.py:904] - Main window closing
2025-11-19 12:45:31 - AudioVizMIDI - INFO - [main.py:38] - Application shutting down
2025-11-19 12:45:31 - AudioVizMIDI - INFO - [main.py:39] - Exit code: 0
