2025-11-19 12:35:27 - AudioVizMIDI - INFO - [logger.py:63] - Logging system initialized
2025-11-19 12:35:27 - AudioVizMIDI - INFO - [logger.py:64] - Log file: logs/audioviz_20251119_123527.log
2025-11-19 12:35:27 - AudioVizMIDI - INFO - [main.py:16] - ============================================================
2025-11-19 12:35:27 - AudioVizMIDI - INFO - [main.py:17] - AudioViz MIDI Application Starting
2025-11-19 12:35:27 - AudioVizMIDI - INFO - [main.py:18] - ============================================================
2025-11-19 12:35:27 - AudioVizMIDI.utils.config - INFO - [config.py:84] - Configuration loaded from config.json
2025-11-19 12:35:28 - AudioVizMIDI.visualization.pygame_widget - INFO - [pygame_widget.py:84] - Pygame initialized with surface size: (800, 480)
2025-11-19 12:35:28 - AudioVizMIDI.visualization.pygame_widget - INFO - [pygame_widget.py:113] - Pygame initialized with surface size: (800, 480)
2025-11-19 12:35:28 - AudioVizMIDI.visualization.pygame_widget - INFO - [pygame_widget.py:48] - PygameWidget initialized
2025-11-19 12:35:28 - AudioVizMIDI.gui.main_window - INFO - [main_window.py:56] - Main window initialized
2025-11-19 12:35:28 - AudioVizMIDI - INFO - [main.py:32] - Main window displayed
2025-11-19 12:35:28 - AudioVizMIDI - INFO - [main.py:33] - Application ready
2025-11-19 12:35:36 - AudioVizMIDI.gui.main_window - INFO - [main_window.py:796] - Window size reset to default
2025-11-19 12:35:41 - AudioVizMIDI.gui.main_window - INFO - [main_window.py:384] - Open file dialog triggered
2025-11-19 12:35:43 - AudioVizMIDI.gui.main_window - INFO - [main_window.py:400] - File selected: C:/Users/brice.saah/Desktop/Dailogue.mp3
2025-11-19 12:35:43 - AudioVizMIDI.utils.config - INFO - [config.py:101] - Configuration saved to config.json
2025-11-19 12:35:43 - AudioVizMIDI.gui.main_window - INFO - [main_window.py:417] - File loaded successfully via menu: Dailogue.mp3
2025-11-19 12:35:44 - AudioVizMIDI.gui.main_window - INFO - [main_window.py:499] - ============================================================
2025-11-19 12:35:44 - AudioVizMIDI.gui.main_window - INFO - [main_window.py:500] - Starting transcription process...
2025-11-19 12:35:44 - AudioVizMIDI.gui.main_window - INFO - [main_window.py:501] - ============================================================
2025-11-19 12:35:44 - AudioVizMIDI.gui.main_window - INFO - [main_window.py:538] - Background processing thread started
2025-11-19 12:35:44 - AudioVizMIDI.gui.processing_thread - INFO - [processing_thread.py:46] - ============================================================
2025-11-19 12:35:44 - AudioVizMIDI.gui.processing_thread - INFO - [processing_thread.py:47] - Starting Audio-to-MIDI Transcription
2025-11-19 12:35:44 - AudioVizMIDI.gui.processing_thread - INFO - [processing_thread.py:48] - ============================================================
2025-11-19 12:35:44 - AudioVizMIDI.gui.processing_thread - INFO - [processing_thread.py:52] - Step 1: Loading audio...
2025-11-19 12:35:44 - AudioVizMIDI.utils.config - INFO - [config.py:84] - Configuration loaded from config.json
2025-11-19 12:35:44 - AudioVizMIDI.audio.audio_loader - INFO - [audio_loader.py:53] - AudioLoader initialized
2025-11-19 12:35:44 - AudioVizMIDI.audio.audio_loader - INFO - [audio_loader.py:73] - Loading audio file: C:/Users/brice.saah/Desktop/Dailogue.mp3
2025-11-19 12:35:47 - AudioVizMIDI.audio.audio_loader - INFO - [audio_loader.py:98] - Audio loaded successfully
2025-11-19 12:35:47 - AudioVizMIDI.audio.audio_loader - INFO - [audio_loader.py:112] - Preprocessing complete. Duration: 290.89s
2025-11-19 12:35:47 - AudioVizMIDI.gui.processing_thread - INFO - [processing_thread.py:61] - Audio loaded: 290.89s, 22050 Hz
2025-11-19 12:35:47 - AudioVizMIDI.gui.processing_thread - INFO - [processing_thread.py:66] - Step 2: Detecting pitch...
2025-11-19 12:35:47 - AudioVizMIDI.utils.config - INFO - [config.py:84] - Configuration loaded from config.json
2025-11-19 12:35:47 - AudioVizMIDI.audio.pitch_detector - INFO - [pitch_detector.py:51] - PitchDetector initialized with algorithm: piptrack
2025-11-19 12:35:47 - AudioVizMIDI.audio.pitch_detector - INFO - [pitch_detector.py:78] - Starting pitch detection using piptrack algorithm...
2025-11-19 12:35:48 - AudioVizMIDI.audio.pitch_detector - INFO - [pitch_detector.py:101] - Pitch detection complete
2025-11-19 12:35:48 - AudioVizMIDI.gui.processing_thread - INFO - [processing_thread.py:77] - Pitch detection: 11041 frames detected
2025-11-19 12:35:48 - AudioVizMIDI.gui.processing_thread - INFO - [processing_thread.py:82] - Step 3: Detecting onsets...
2025-11-19 12:35:48 - AudioVizMIDI.utils.config - INFO - [config.py:84] - Configuration loaded from config.json
2025-11-19 12:35:48 - AudioVizMIDI.audio.onset_detector - INFO - [onset_detector.py:51] - OnsetDetector initialized
2025-11-19 12:35:48 - AudioVizMIDI.audio.onset_detector - INFO - [onset_detector.py:72] - Detecting onsets using 'energy' method...
2025-11-19 12:35:49 - AudioVizMIDI.audio.onset_detector - INFO - [onset_detector.py:115] - Onset detection complete: 1232 onsets detected
2025-11-19 12:35:49 - AudioVizMIDI.gui.processing_thread - INFO - [processing_thread.py:91] - Onset detection: 1232 onsets found
2025-11-19 12:35:49 - AudioVizMIDI.gui.processing_thread - INFO - [processing_thread.py:96] - Step 4: Converting to MIDI...
2025-11-19 12:35:49 - AudioVizMIDI.utils.config - INFO - [config.py:84] - Configuration loaded from config.json
2025-11-19 12:35:49 - AudioVizMIDI.midi.midi_converter - INFO - [midi_converter.py:41] - MIDIConverter initialized
2025-11-19 12:35:49 - AudioVizMIDI.midi.midi_converter - INFO - [midi_converter.py:63] - Converting audio analysis to MIDI notes...
2025-11-19 12:35:49 - AudioVizMIDI.midi.midi_converter - INFO - [midi_converter.py:75] - Conversion complete: 944 notes created
2025-11-19 12:35:49 - AudioVizMIDI.gui.processing_thread - INFO - [processing_thread.py:106] - MIDI conversion: 944 notes created
2025-11-19 12:35:49 - AudioVizMIDI.gui.processing_thread - INFO - [processing_thread.py:111] - Step 5: Quantizing notes...
2025-11-19 12:35:49 - AudioVizMIDI.utils.config - INFO - [config.py:84] - Configuration loaded from config.json
2025-11-19 12:35:49 - AudioVizMIDI.midi.note_quantizer - INFO - [note_quantizer.py:49] - NoteQuantizer initialized
2025-11-19 12:35:49 - AudioVizMIDI.midi.note_quantizer - INFO - [note_quantizer.py:63] - Starting note quantization...
2025-11-19 12:35:49 - AudioVizMIDI.midi.note_quantizer - INFO - [note_quantizer.py:196] - Merged 33 adjacent note pairs
2025-11-19 12:35:49 - AudioVizMIDI.midi.note_quantizer - INFO - [note_quantizer.py:243] - Filled 30 gaps
2025-11-19 12:35:49 - AudioVizMIDI.midi.note_quantizer - INFO - [note_quantizer.py:99] - Quantization complete: 944 -> 911 notes
2025-11-19 12:35:49 - AudioVizMIDI.gui.processing_thread - INFO - [processing_thread.py:119] - Quantization: 911 notes (filtered from 944)
2025-11-19 12:35:49 - AudioVizMIDI.gui.processing_thread - INFO - [processing_thread.py:124] - ============================================================
2025-11-19 12:35:49 - AudioVizMIDI.gui.processing_thread - INFO - [processing_thread.py:125] - Transcription Complete!
2025-11-19 12:35:49 - AudioVizMIDI.gui.processing_thread - INFO - [processing_thread.py:126] - Total notes: 911
2025-11-19 12:35:49 - AudioVizMIDI.gui.processing_thread - INFO - [processing_thread.py:127] - Duration: 290.34s
2025-11-19 12:35:49 - AudioVizMIDI.gui.processing_thread - INFO - [processing_thread.py:128] - Pitch range: (41, 83)
2025-11-19 12:35:49 - AudioVizMIDI.gui.processing_thread - INFO - [processing_thread.py:129] - ============================================================
2025-11-19 12:35:49 - AudioVizMIDI.gui.main_window - INFO - [main_window.py:561] - Processing completed successfully!
2025-11-19 12:35:49 - AudioVizMIDI.visualization.piano_roll_renderer - INFO - [piano_roll_renderer.py:89] - PianoRollRenderer initialized
2025-11-19 12:35:49 - AudioVizMIDI.visualization.piano_roll_renderer - INFO - [piano_roll_renderer.py:107] - MIDI data set: 911 notes, pitch range 38-86
2025-11-19 12:35:49 - AudioVizMIDI.visualization.pygame_widget - INFO - [pygame_widget.py:207] - Renderer set: PianoRollRenderer
2025-11-19 12:35:49 - AudioVizMIDI.visualization.piano_roll_renderer - INFO - [piano_roll_renderer.py:107] - MIDI data set: 911 notes, pitch range 38-86
2025-11-19 12:35:49 - AudioVizMIDI.visualization.pygame_widget - INFO - [pygame_widget.py:218] - MIDI data passed to renderer
2025-11-19 12:35:59 - AudioVizMIDI.gui.main_window - INFO - [main_window.py:796] - Window size reset to default
2025-11-19 12:36:05 - AudioVizMIDI.gui.control_panel - INFO - [control_panel.py:228] - Play button clicked
2025-11-19 12:36:05 - AudioVizMIDI.gui.main_window - INFO - [main_window.py:613] - Play requested from control panel
2025-11-19 12:36:08 - AudioVizMIDI.visualization.pygame_widget - INFO - [pygame_widget.py:253] - Cleaning up Pygame resources
2025-11-19 12:36:08 - AudioVizMIDI.utils.config - INFO - [config.py:101] - Configuration saved to config.json
2025-11-19 12:36:08 - AudioVizMIDI.gui.main_window - INFO - [main_window.py:859] - Main window closing
2025-11-19 12:36:08 - AudioVizMIDI - INFO - [main.py:38] - Application shutting down
2025-11-19 12:36:08 - AudioVizMIDI - INFO - [main.py:39] - Exit code: 0
