2025-11-20 16:30:40 - AudioVizMIDI - INFO - [logger.py:63] - Logging system initialized
2025-11-20 16:30:40 - AudioVizMIDI - INFO - [logger.py:64] - Log file: logs/audioviz_20251120_163040.log
2025-11-20 16:30:40 - AudioVizMIDI - INFO - [main.py:18] - ============================================================
2025-11-20 16:30:40 - AudioVizMIDI - INFO - [main.py:19] - AudioViz MIDI Application Starting
2025-11-20 16:30:40 - AudioVizMIDI - INFO - [main.py:20] - AudioViz MIDI v0.2.0-dev Starting
2025-11-20 16:30:40 - AudioVizMIDI - INFO - [main.py:21] - ============================================================
2025-11-20 16:30:40 - AudioVizMIDI.utils.config - INFO - [config.py:84] - Configuration loaded from config.json
2025-11-20 16:30:40 - AudioVizMIDI - INFO - [main.py:30] - Application: AudioViz MIDI
2025-11-20 16:30:40 - AudioVizMIDI - INFO - [main.py:31] - Config Version: 0.2.0-dev
2025-11-20 16:30:41 - AudioVizMIDI.playback.playback_controller - INFO - [playback_controller.py:75] - Pygame mixer initialized
2025-11-20 16:30:41 - AudioVizMIDI.playback.playback_controller - INFO - [playback_controller.py:63] - PlaybackController initialized
2025-11-20 16:30:41 - AudioVizMIDI.export.midi_exporter - INFO - [midi_exporter.py:38] - MIDIExporter initialized
2025-11-20 16:30:41 - AudioVizMIDI.export.json_exporter - INFO - [json_exporter.py:37] - JSONExporter initialized
2025-11-20 16:30:41 - AudioVizMIDI.utils.performance_monitor - INFO - [performance_monitor.py:29] - PerformanceMonitor initialized
2025-11-20 16:30:41 - AudioVizMIDI.utils.performance_monitor - INFO - [performance_monitor.py:94] - 💾 Application start Memory: 66.4 MB (RSS), 297.5 MB (VMS)
2025-11-20 16:30:41 - AudioVizMIDI.visualization.theme_manager - INFO - [theme_manager.py:207] - ThemeManager initialized with 3 themes
2025-11-20 16:30:41 - AudioVizMIDI.visualization.pygame_widget - INFO - [pygame_widget.py:90] - Pygame initialized with surface size: (800, 480)
2025-11-20 16:30:41 - AudioVizMIDI.visualization.pygame_widget - INFO - [pygame_widget.py:119] - Pygame initialized with surface size: (800, 480)
2025-11-20 16:30:41 - AudioVizMIDI.visualization.pygame_widget - INFO - [pygame_widget.py:54] - PygameWidget initialized
2025-11-20 16:30:42 - AudioVizMIDI.gui.main_window - INFO - [main_window.py:375] - Keyboard shortcuts configured
2025-11-20 16:30:42 - AudioVizMIDI.gui.main_window - INFO - [main_window.py:73] - Main window initialized
2025-11-20 16:30:42 - AudioVizMIDI - INFO - [main.py:47] - Main window displayed
2025-11-20 16:30:42 - AudioVizMIDI - INFO - [main.py:48] - Application ready
2025-11-20 16:30:42 - AudioVizMIDI.visualization.pygame_widget - WARNING - [pygame_widget.py:168] - Low FPS: 1.9 (target: 60)
2025-11-20 16:30:50 - AudioVizMIDI.gui.main_window - INFO - [main_window.py:602] - Open file dialog triggered
2025-11-20 16:30:51 - AudioVizMIDI.visualization.pygame_widget - WARNING - [pygame_widget.py:168] - Low FPS: 35.2 (target: 60)
2025-11-20 16:30:52 - AudioVizMIDI.gui.main_window - INFO - [main_window.py:618] - File selected: C:/Users/brice.saah/Desktop/ASMR test  (Add Vocal).mp3
2025-11-20 16:30:52 - AudioVizMIDI.utils.config - INFO - [config.py:101] - Configuration saved to config.json
2025-11-20 16:30:52 - AudioVizMIDI.gui.main_window - INFO - [main_window.py:635] - File loaded successfully via menu: ASMR test  (Add Vocal).mp3
2025-11-20 16:30:53 - AudioVizMIDI.visualization.pygame_widget - WARNING - [pygame_widget.py:168] - Low FPS: 47.6 (target: 60)
2025-11-20 16:30:53 - AudioVizMIDI.gui.main_window - INFO - [main_window.py:708] - ============================================================
2025-11-20 16:30:53 - AudioVizMIDI.gui.main_window - INFO - [main_window.py:709] - Starting transcription process...
2025-11-20 16:30:53 - AudioVizMIDI.gui.main_window - INFO - [main_window.py:710] - ============================================================
2025-11-20 16:30:53 - AudioVizMIDI.gui.main_window - INFO - [main_window.py:747] - Background processing thread started
2025-11-20 16:30:53 - AudioVizMIDI.gui.processing_thread - INFO - [processing_thread.py:49] - ============================================================
2025-11-20 16:30:53 - AudioVizMIDI.gui.processing_thread - INFO - [processing_thread.py:50] - Starting Audio-to-MIDI Transcription
2025-11-20 16:30:53 - AudioVizMIDI.gui.processing_thread - INFO - [processing_thread.py:51] - ============================================================
2025-11-20 16:30:53 - AudioVizMIDI.utils.performance_monitor - INFO - [performance_monitor.py:94] - 💾 Start Memory: 126.0 MB (RSS), 323.1 MB (VMS)
2025-11-20 16:30:53 - AudioVizMIDI.gui.processing_thread - INFO - [processing_thread.py:59] - Step 1: Loading audio...
2025-11-20 16:30:53 - AudioVizMIDI.utils.config - INFO - [config.py:84] - Configuration loaded from config.json
2025-11-20 16:30:53 - AudioVizMIDI.audio.audio_loader - INFO - [audio_loader.py:53] - AudioLoader initialized
2025-11-20 16:30:53 - AudioVizMIDI.audio.audio_loader - INFO - [audio_loader.py:73] - Loading audio file: C:/Users/brice.saah/Desktop/ASMR test  (Add Vocal).mp3
2025-11-20 16:30:57 - AudioVizMIDI.audio.audio_loader - INFO - [audio_loader.py:98] - Audio loaded successfully
2025-11-20 16:30:58 - AudioVizMIDI.audio.audio_loader - INFO - [audio_loader.py:112] - Preprocessing complete. Duration: 196.80s
2025-11-20 16:30:58 - AudioVizMIDI.utils.performance_monitor - INFO - [performance_monitor.py:63] - ⏱️  audio_loading: 4.626s
2025-11-20 16:30:58 - AudioVizMIDI.utils.performance_monitor - INFO - [performance_monitor.py:94] - 💾 After audio loading Memory: 278.3 MB (RSS), 662.0 MB (VMS)
2025-11-20 16:30:58 - AudioVizMIDI.gui.processing_thread - INFO - [processing_thread.py:72] - Audio loaded: 196.80s, 22050 Hz
2025-11-20 16:30:58 - AudioVizMIDI.gui.processing_thread - INFO - [processing_thread.py:77] - Step 2: Detecting pitch...
2025-11-20 16:30:58 - AudioVizMIDI.utils.config - INFO - [config.py:84] - Configuration loaded from config.json
2025-11-20 16:30:58 - AudioVizMIDI.audio.pitch_detector - INFO - [pitch_detector.py:51] - PitchDetector initialized with algorithm: piptrack
2025-11-20 16:30:58 - AudioVizMIDI.audio.pitch_detector - INFO - [pitch_detector.py:78] - Starting pitch detection using piptrack algorithm...
2025-11-20 16:30:58 - AudioVizMIDI.audio.pitch_detector - INFO - [pitch_detector.py:101] - Pitch detection complete
2025-11-20 16:30:58 - AudioVizMIDI.utils.performance_monitor - INFO - [performance_monitor.py:63] - ⏱️  pitch_detection: 0.712s
2025-11-20 16:30:58 - AudioVizMIDI.utils.performance_monitor - INFO - [performance_monitor.py:94] - 💾 After pitch detection Memory: 282.0 MB (RSS), 665.1 MB (VMS)
2025-11-20 16:30:58 - AudioVizMIDI.gui.processing_thread - INFO - [processing_thread.py:92] - Pitch detection: 8466 frames detected
2025-11-20 16:30:58 - AudioVizMIDI.gui.processing_thread - INFO - [processing_thread.py:97] - Step 3: Detecting onsets...
2025-11-20 16:30:58 - AudioVizMIDI.utils.config - INFO - [config.py:84] - Configuration loaded from config.json
2025-11-20 16:30:58 - AudioVizMIDI.audio.onset_detector - INFO - [onset_detector.py:51] - OnsetDetector initialized
2025-11-20 16:30:58 - AudioVizMIDI.audio.onset_detector - INFO - [onset_detector.py:72] - Detecting onsets using 'energy' method...
2025-11-20 16:30:59 - AudioVizMIDI.audio.onset_detector - INFO - [onset_detector.py:115] - Onset detection complete: 428 onsets detected
2025-11-20 16:30:59 - AudioVizMIDI.utils.performance_monitor - INFO - [performance_monitor.py:63] - ⏱️  onset_detection: 0.328s
2025-11-20 16:30:59 - AudioVizMIDI.gui.processing_thread - INFO - [processing_thread.py:109] - Onset detection: 428 onsets found
2025-11-20 16:30:59 - AudioVizMIDI.gui.processing_thread - INFO - [processing_thread.py:114] - Step 4: Converting to MIDI...
2025-11-20 16:30:59 - AudioVizMIDI.utils.config - INFO - [config.py:84] - Configuration loaded from config.json
2025-11-20 16:30:59 - AudioVizMIDI.midi.midi_converter - INFO - [midi_converter.py:41] - MIDIConverter initialized
2025-11-20 16:30:59 - AudioVizMIDI.midi.midi_converter - INFO - [midi_converter.py:63] - Converting audio analysis to MIDI notes...
2025-11-20 16:30:59 - AudioVizMIDI.midi.midi_converter - INFO - [midi_converter.py:75] - Conversion complete: 417 notes created
2025-11-20 16:30:59 - AudioVizMIDI.utils.performance_monitor - INFO - [performance_monitor.py:63] - ⏱️  midi_conversion: 0.050s
2025-11-20 16:30:59 - AudioVizMIDI.gui.processing_thread - INFO - [processing_thread.py:127] - MIDI conversion: 417 notes created
2025-11-20 16:30:59 - AudioVizMIDI.gui.processing_thread - INFO - [processing_thread.py:132] - Step 5: Quantizing notes...
2025-11-20 16:30:59 - AudioVizMIDI.utils.config - INFO - [config.py:84] - Configuration loaded from config.json
2025-11-20 16:30:59 - AudioVizMIDI.midi.note_quantizer - INFO - [note_quantizer.py:49] - NoteQuantizer initialized
2025-11-20 16:30:59 - AudioVizMIDI.midi.note_quantizer - INFO - [note_quantizer.py:63] - Starting note quantization...
2025-11-20 16:30:59 - AudioVizMIDI.midi.note_quantizer - INFO - [note_quantizer.py:196] - Merged 54 adjacent note pairs
2025-11-20 16:30:59 - AudioVizMIDI.midi.note_quantizer - INFO - [note_quantizer.py:243] - Filled 2 gaps
2025-11-20 16:30:59 - AudioVizMIDI.midi.note_quantizer - INFO - [note_quantizer.py:99] - Quantization complete: 417 -> 363 notes
2025-11-20 16:30:59 - AudioVizMIDI.utils.performance_monitor - INFO - [performance_monitor.py:63] - ⏱️  quantization: 0.021s
2025-11-20 16:30:59 - AudioVizMIDI.utils.performance_monitor - INFO - [performance_monitor.py:94] - 💾 After quantization Memory: 285.8 MB (RSS), 665.1 MB (VMS)
2025-11-20 16:30:59 - AudioVizMIDI.gui.processing_thread - INFO - [processing_thread.py:144] - Quantization: 363 notes (filtered from 417)
2025-11-20 16:30:59 - AudioVizMIDI.utils.performance_monitor - INFO - [performance_monitor.py:63] - ⏱️  transcription: 5.790s
2025-11-20 16:30:59 - AudioVizMIDI.gui.processing_thread - INFO - [processing_thread.py:151] - ============================================================
2025-11-20 16:30:59 - AudioVizMIDI.gui.processing_thread - INFO - [processing_thread.py:152] - Transcription Complete!
2025-11-20 16:30:59 - AudioVizMIDI.gui.processing_thread - INFO - [processing_thread.py:153] - Total notes: 363
2025-11-20 16:30:59 - AudioVizMIDI.gui.processing_thread - INFO - [processing_thread.py:154] - Duration: 196.51s
2025-11-20 16:30:59 - AudioVizMIDI.gui.processing_thread - INFO - [processing_thread.py:155] - Pitch range: (40, 79)
2025-11-20 16:30:59 - AudioVizMIDI.gui.processing_thread - INFO - [processing_thread.py:156] - Total processing time: 5.79s
2025-11-20 16:30:59 - AudioVizMIDI.gui.processing_thread - INFO - [processing_thread.py:157] - ============================================================
2025-11-20 16:30:59 - AudioVizMIDI.gui.main_window - INFO - [main_window.py:770] - Processing completed successfully!
2025-11-20 16:30:59 - AudioVizMIDI.visualization.theme_manager - INFO - [theme_manager.py:207] - ThemeManager initialized with 3 themes
2025-11-20 16:30:59 - AudioVizMIDI.visualization.theme_manager - INFO - [theme_manager.py:234] - Theme changed to: Neon Flashy
2025-11-20 16:30:59 - AudioVizMIDI.visualization.piano_roll_renderer - INFO - [piano_roll_renderer.py:76] - Theme loaded: Neon Flashy
2025-11-20 16:30:59 - AudioVizMIDI.visualization.piano_roll_renderer - INFO - [piano_roll_renderer.py:99] - PianoRollRenderer initialized
2025-11-20 16:30:59 - AudioVizMIDI.visualization.piano_roll_renderer - INFO - [piano_roll_renderer.py:117] - MIDI data set: 363 notes, pitch range 37-82
2025-11-20 16:30:59 - AudioVizMIDI.visualization.pygame_widget - INFO - [pygame_widget.py:226] - Renderer set: PianoRollRenderer
2025-11-20 16:30:59 - AudioVizMIDI.visualization.piano_roll_renderer - INFO - [piano_roll_renderer.py:117] - MIDI data set: 363 notes, pitch range 37-82
2025-11-20 16:30:59 - AudioVizMIDI.visualization.pygame_widget - INFO - [pygame_widget.py:237] - MIDI data passed to renderer
2025-11-20 16:30:59 - AudioVizMIDI.playback.playback_controller - INFO - [playback_controller.py:88] - Loading audio file: C:/Users/brice.saah/Desktop/ASMR test  (Add Vocal).mp3
2025-11-20 16:30:59 - AudioVizMIDI.playback.playback_controller - INFO - [playback_controller.py:104] - Audio loaded: duration=196.51s
2025-11-20 16:30:59 - AudioVizMIDI.gui.main_window - INFO - [main_window.py:800] - Audio loaded for playback
2025-11-20 16:31:03 - AudioVizMIDI.gui.main_window - INFO - [main_window.py:1225] - Window size reset to default
2025-11-20 16:31:07 - AudioVizMIDI.gui.main_window - INFO - [main_window.py:304] - Theme change requested: studio_light
2025-11-20 16:31:07 - AudioVizMIDI.visualization.theme_manager - INFO - [theme_manager.py:234] - Theme changed to: Studio Light
2025-11-20 16:31:07 - AudioVizMIDI.visualization.piano_roll_renderer - INFO - [piano_roll_renderer.py:542] - Theme switched to: Studio Light
2025-11-20 16:31:07 - AudioVizMIDI.utils.config - INFO - [config.py:101] - Configuration saved to config.json
2025-11-20 16:31:07 - AudioVizMIDI.gui.main_window - INFO - [main_window.py:316] - Theme applied: studio_light
2025-11-20 16:31:10 - AudioVizMIDI.gui.main_window - INFO - [main_window.py:1354] - Measure lines: enabled
2025-11-20 16:31:10 - AudioVizMIDI.utils.config - INFO - [config.py:101] - Configuration saved to config.json
2025-11-20 16:31:16 - AudioVizMIDI.gui.control_panel - INFO - [control_panel.py:228] - Play button clicked
2025-11-20 16:31:16 - AudioVizMIDI.gui.main_window - INFO - [main_window.py:838] - Play requested from control panel
2025-11-20 16:31:16 - AudioVizMIDI.playback.playback_controller - INFO - [playback_controller.py:120] - Starting playback
2025-11-20 16:31:17 - AudioVizMIDI.utils.performance_monitor - INFO - [performance_monitor.py:140] - ============================================================
2025-11-20 16:31:17 - AudioVizMIDI.utils.performance_monitor - INFO - [performance_monitor.py:141] - Performance Summary
2025-11-20 16:31:17 - AudioVizMIDI.utils.performance_monitor - INFO - [performance_monitor.py:142] - ============================================================
2025-11-20 16:31:17 - AudioVizMIDI.utils.performance_monitor - INFO - [performance_monitor.py:94] - 💾 Final Memory: 274.4 MB (RSS), 653.0 MB (VMS)
2025-11-20 16:31:17 - AudioVizMIDI.utils.performance_monitor - INFO - [performance_monitor.py:113] - 🔥 CPU Usage: 0.0%
2025-11-20 16:31:17 - AudioVizMIDI.utils.performance_monitor - INFO - [performance_monitor.py:152] - 
Operation Timings:
2025-11-20 16:31:17 - AudioVizMIDI.utils.performance_monitor - INFO - [performance_monitor.py:155] -   audio_loading:
2025-11-20 16:31:17 - AudioVizMIDI.utils.performance_monitor - INFO - [performance_monitor.py:156] -     Count: 1
2025-11-20 16:31:17 - AudioVizMIDI.utils.performance_monitor - INFO - [performance_monitor.py:157] -     Average: 4.626s
2025-11-20 16:31:17 - AudioVizMIDI.utils.performance_monitor - INFO - [performance_monitor.py:158] -     Min: 4.626s
2025-11-20 16:31:17 - AudioVizMIDI.utils.performance_monitor - INFO - [performance_monitor.py:159] -     Max: 4.626s
2025-11-20 16:31:17 - AudioVizMIDI.utils.performance_monitor - INFO - [performance_monitor.py:155] -   pitch_detection:
2025-11-20 16:31:17 - AudioVizMIDI.utils.performance_monitor - INFO - [performance_monitor.py:156] -     Count: 1
2025-11-20 16:31:17 - AudioVizMIDI.utils.performance_monitor - INFO - [performance_monitor.py:157] -     Average: 0.712s
2025-11-20 16:31:17 - AudioVizMIDI.utils.performance_monitor - INFO - [performance_monitor.py:158] -     Min: 0.712s
2025-11-20 16:31:17 - AudioVizMIDI.utils.performance_monitor - INFO - [performance_monitor.py:159] -     Max: 0.712s
2025-11-20 16:31:17 - AudioVizMIDI.utils.performance_monitor - INFO - [performance_monitor.py:155] -   onset_detection:
2025-11-20 16:31:17 - AudioVizMIDI.utils.performance_monitor - INFO - [performance_monitor.py:156] -     Count: 1
2025-11-20 16:31:17 - AudioVizMIDI.utils.performance_monitor - INFO - [performance_monitor.py:157] -     Average: 0.328s
2025-11-20 16:31:17 - AudioVizMIDI.utils.performance_monitor - INFO - [performance_monitor.py:158] -     Min: 0.328s
2025-11-20 16:31:17 - AudioVizMIDI.utils.performance_monitor - INFO - [performance_monitor.py:159] -     Max: 0.328s
2025-11-20 16:31:17 - AudioVizMIDI.utils.performance_monitor - INFO - [performance_monitor.py:155] -   midi_conversion:
2025-11-20 16:31:17 - AudioVizMIDI.utils.performance_monitor - INFO - [performance_monitor.py:156] -     Count: 1
2025-11-20 16:31:17 - AudioVizMIDI.utils.performance_monitor - INFO - [performance_monitor.py:157] -     Average: 0.050s
2025-11-20 16:31:17 - AudioVizMIDI.utils.performance_monitor - INFO - [performance_monitor.py:158] -     Min: 0.050s
2025-11-20 16:31:17 - AudioVizMIDI.utils.performance_monitor - INFO - [performance_monitor.py:159] -     Max: 0.050s
2025-11-20 16:31:17 - AudioVizMIDI.utils.performance_monitor - INFO - [performance_monitor.py:155] -   quantization:
2025-11-20 16:31:17 - AudioVizMIDI.utils.performance_monitor - INFO - [performance_monitor.py:156] -     Count: 1
2025-11-20 16:31:17 - AudioVizMIDI.utils.performance_monitor - INFO - [performance_monitor.py:157] -     Average: 0.021s
2025-11-20 16:31:17 - AudioVizMIDI.utils.performance_monitor - INFO - [performance_monitor.py:158] -     Min: 0.021s
2025-11-20 16:31:17 - AudioVizMIDI.utils.performance_monitor - INFO - [performance_monitor.py:159] -     Max: 0.021s
2025-11-20 16:31:17 - AudioVizMIDI.utils.performance_monitor - INFO - [performance_monitor.py:155] -   transcription:
2025-11-20 16:31:17 - AudioVizMIDI.utils.performance_monitor - INFO - [performance_monitor.py:156] -     Count: 1
2025-11-20 16:31:17 - AudioVizMIDI.utils.performance_monitor - INFO - [performance_monitor.py:157] -     Average: 5.790s
2025-11-20 16:31:17 - AudioVizMIDI.utils.performance_monitor - INFO - [performance_monitor.py:158] -     Min: 5.790s
2025-11-20 16:31:17 - AudioVizMIDI.utils.performance_monitor - INFO - [performance_monitor.py:159] -     Max: 5.790s
2025-11-20 16:31:17 - AudioVizMIDI.utils.performance_monitor - INFO - [performance_monitor.py:161] - ============================================================
2025-11-20 16:31:17 - AudioVizMIDI.playback.playback_controller - INFO - [playback_controller.py:310] - Cleaning up playback controller
2025-11-20 16:31:17 - AudioVizMIDI.playback.playback_controller - INFO - [playback_controller.py:166] - Stopping playback
2025-11-20 16:31:17 - AudioVizMIDI.visualization.pygame_widget - INFO - [pygame_widget.py:272] - Cleaning up Pygame resources
2025-11-20 16:31:17 - AudioVizMIDI.utils.config - INFO - [config.py:101] - Configuration saved to config.json
2025-11-20 16:31:17 - AudioVizMIDI.gui.main_window - INFO - [main_window.py:1420] - Main window closing
2025-11-20 16:31:17 - AudioVizMIDI.visualization.pygame_widget - ERROR - [pygame_widget.py:171] - Error updating frame: display Surface quit
2025-11-20 16:31:17 - AudioVizMIDI - INFO - [main.py:53] - Application shutting down
2025-11-20 16:31:17 - AudioVizMIDI - INFO - [main.py:54] - Exit code: 0
