2025-11-19 14:06:53 - AudioVizMIDI - INFO - [logger.py:63] - Logging system initialized
2025-11-19 14:06:53 - AudioVizMIDI - INFO - [logger.py:64] - Log file: logs/audioviz_20251119_140653.log
2025-11-19 14:06:53 - AudioVizMIDI - INFO - [main.py:16] - ============================================================
2025-11-19 14:06:53 - AudioVizMIDI - INFO - [main.py:17] - AudioViz MIDI Application Starting
2025-11-19 14:06:53 - AudioVizMIDI - INFO - [main.py:18] - ============================================================
2025-11-19 14:06:53 - AudioVizMIDI.utils.config - INFO - [config.py:84] - Configuration loaded from config.json
2025-11-19 14:06:55 - AudioVizMIDI.playback.playback_controller - INFO - [playback_controller.py:75] - Pygame mixer initialized
2025-11-19 14:06:55 - AudioVizMIDI.playback.playback_controller - INFO - [playback_controller.py:63] - PlaybackController initialized
2025-11-19 14:06:55 - AudioVizMIDI.export.midi_exporter - INFO - [midi_exporter.py:38] - MIDIExporter initialized
2025-11-19 14:06:55 - AudioVizMIDI.export.json_exporter - INFO - [json_exporter.py:37] - JSONExporter initialized
2025-11-19 14:06:55 - AudioVizMIDI.visualization.pygame_widget - INFO - [pygame_widget.py:84] - Pygame initialized with surface size: (800, 480)
2025-11-19 14:06:55 - AudioVizMIDI.visualization.pygame_widget - INFO - [pygame_widget.py:113] - Pygame initialized with surface size: (800, 480)
2025-11-19 14:06:55 - AudioVizMIDI.visualization.pygame_widget - INFO - [pygame_widget.py:48] - PygameWidget initialized
2025-11-19 14:06:55 - AudioVizMIDI.gui.main_window - INFO - [main_window.py:290] - Keyboard shortcuts configured
2025-11-19 14:06:55 - AudioVizMIDI.gui.main_window - INFO - [main_window.py:66] - Main window initialized
2025-11-19 14:06:55 - AudioVizMIDI - INFO - [main.py:32] - Main window displayed
2025-11-19 14:06:55 - AudioVizMIDI - INFO - [main.py:33] - Application ready
2025-11-19 14:07:25 - AudioVizMIDI.gui.main_window - INFO - [main_window.py:1069] - Window size reset to default
2025-11-19 14:07:27 - AudioVizMIDI.gui.main_window - INFO - [main_window.py:1069] - Window size reset to default
2025-11-19 14:07:30 - AudioVizMIDI.gui.main_window - INFO - [main_window.py:511] - Open file dialog triggered
2025-11-19 14:07:32 - AudioVizMIDI.gui.main_window - INFO - [main_window.py:527] - File selected: C:/Users/brice.saah/Desktop/ASMR test  (Add Vocal).mp3
2025-11-19 14:07:32 - AudioVizMIDI.utils.config - INFO - [config.py:101] - Configuration saved to config.json
2025-11-19 14:07:32 - AudioVizMIDI.gui.main_window - INFO - [main_window.py:544] - File loaded successfully via menu: ASMR test  (Add Vocal).mp3
2025-11-19 14:07:33 - AudioVizMIDI.gui.main_window - INFO - [main_window.py:626] - ============================================================
2025-11-19 14:07:33 - AudioVizMIDI.gui.main_window - INFO - [main_window.py:627] - Starting transcription process...
2025-11-19 14:07:33 - AudioVizMIDI.gui.main_window - INFO - [main_window.py:628] - ============================================================
2025-11-19 14:07:33 - AudioVizMIDI.gui.main_window - INFO - [main_window.py:665] - Background processing thread started
2025-11-19 14:07:33 - AudioVizMIDI.gui.processing_thread - INFO - [processing_thread.py:46] - ============================================================
2025-11-19 14:07:33 - AudioVizMIDI.gui.processing_thread - INFO - [processing_thread.py:47] - Starting Audio-to-MIDI Transcription
2025-11-19 14:07:33 - AudioVizMIDI.gui.processing_thread - INFO - [processing_thread.py:48] - ============================================================
2025-11-19 14:07:33 - AudioVizMIDI.gui.processing_thread - INFO - [processing_thread.py:52] - Step 1: Loading audio...
2025-11-19 14:07:33 - AudioVizMIDI.utils.config - INFO - [config.py:84] - Configuration loaded from config.json
2025-11-19 14:07:33 - AudioVizMIDI.audio.audio_loader - INFO - [audio_loader.py:53] - AudioLoader initialized
2025-11-19 14:07:33 - AudioVizMIDI.audio.audio_loader - INFO - [audio_loader.py:73] - Loading audio file: C:/Users/brice.saah/Desktop/ASMR test  (Add Vocal).mp3
2025-11-19 14:07:36 - AudioVizMIDI.audio.audio_loader - INFO - [audio_loader.py:98] - Audio loaded successfully
2025-11-19 14:07:36 - AudioVizMIDI.audio.audio_loader - INFO - [audio_loader.py:112] - Preprocessing complete. Duration: 196.80s
2025-11-19 14:07:36 - AudioVizMIDI.gui.processing_thread - INFO - [processing_thread.py:61] - Audio loaded: 196.80s, 22050 Hz
2025-11-19 14:07:36 - AudioVizMIDI.gui.processing_thread - INFO - [processing_thread.py:66] - Step 2: Detecting pitch...
2025-11-19 14:07:36 - AudioVizMIDI.utils.config - INFO - [config.py:84] - Configuration loaded from config.json
2025-11-19 14:07:36 - AudioVizMIDI.audio.pitch_detector - INFO - [pitch_detector.py:51] - PitchDetector initialized with algorithm: piptrack
2025-11-19 14:07:36 - AudioVizMIDI.audio.pitch_detector - INFO - [pitch_detector.py:78] - Starting pitch detection using piptrack algorithm...
2025-11-19 14:07:37 - AudioVizMIDI.audio.pitch_detector - INFO - [pitch_detector.py:101] - Pitch detection complete
2025-11-19 14:07:37 - AudioVizMIDI.gui.processing_thread - INFO - [processing_thread.py:77] - Pitch detection: 8466 frames detected
2025-11-19 14:07:37 - AudioVizMIDI.gui.processing_thread - INFO - [processing_thread.py:82] - Step 3: Detecting onsets...
2025-11-19 14:07:37 - AudioVizMIDI.utils.config - INFO - [config.py:84] - Configuration loaded from config.json
2025-11-19 14:07:37 - AudioVizMIDI.audio.onset_detector - INFO - [onset_detector.py:51] - OnsetDetector initialized
2025-11-19 14:07:37 - AudioVizMIDI.audio.onset_detector - INFO - [onset_detector.py:72] - Detecting onsets using 'energy' method...
2025-11-19 14:07:37 - AudioVizMIDI.audio.onset_detector - INFO - [onset_detector.py:115] - Onset detection complete: 428 onsets detected
2025-11-19 14:07:37 - AudioVizMIDI.gui.processing_thread - INFO - [processing_thread.py:91] - Onset detection: 428 onsets found
2025-11-19 14:07:37 - AudioVizMIDI.gui.processing_thread - INFO - [processing_thread.py:96] - Step 4: Converting to MIDI...
2025-11-19 14:07:37 - AudioVizMIDI.utils.config - INFO - [config.py:84] - Configuration loaded from config.json
2025-11-19 14:07:37 - AudioVizMIDI.midi.midi_converter - INFO - [midi_converter.py:41] - MIDIConverter initialized
2025-11-19 14:07:37 - AudioVizMIDI.midi.midi_converter - INFO - [midi_converter.py:63] - Converting audio analysis to MIDI notes...
2025-11-19 14:07:37 - AudioVizMIDI.midi.midi_converter - INFO - [midi_converter.py:75] - Conversion complete: 417 notes created
2025-11-19 14:07:37 - AudioVizMIDI.gui.processing_thread - INFO - [processing_thread.py:106] - MIDI conversion: 417 notes created
2025-11-19 14:07:37 - AudioVizMIDI.gui.processing_thread - INFO - [processing_thread.py:111] - Step 5: Quantizing notes...
2025-11-19 14:07:37 - AudioVizMIDI.utils.config - INFO - [config.py:84] - Configuration loaded from config.json
2025-11-19 14:07:37 - AudioVizMIDI.midi.note_quantizer - INFO - [note_quantizer.py:49] - NoteQuantizer initialized
2025-11-19 14:07:37 - AudioVizMIDI.midi.note_quantizer - INFO - [note_quantizer.py:63] - Starting note quantization...
2025-11-19 14:07:37 - AudioVizMIDI.midi.note_quantizer - INFO - [note_quantizer.py:196] - Merged 54 adjacent note pairs
2025-11-19 14:07:37 - AudioVizMIDI.midi.note_quantizer - INFO - [note_quantizer.py:243] - Filled 2 gaps
2025-11-19 14:07:37 - AudioVizMIDI.midi.note_quantizer - INFO - [note_quantizer.py:99] - Quantization complete: 417 -> 363 notes
2025-11-19 14:07:37 - AudioVizMIDI.gui.processing_thread - INFO - [processing_thread.py:119] - Quantization: 363 notes (filtered from 417)
2025-11-19 14:07:37 - AudioVizMIDI.gui.processing_thread - INFO - [processing_thread.py:124] - ============================================================
2025-11-19 14:07:37 - AudioVizMIDI.gui.processing_thread - INFO - [processing_thread.py:125] - Transcription Complete!
2025-11-19 14:07:37 - AudioVizMIDI.gui.processing_thread - INFO - [processing_thread.py:126] - Total notes: 363
2025-11-19 14:07:37 - AudioVizMIDI.gui.processing_thread - INFO - [processing_thread.py:127] - Duration: 196.51s
2025-11-19 14:07:37 - AudioVizMIDI.gui.processing_thread - INFO - [processing_thread.py:128] - Pitch range: (40, 79)
2025-11-19 14:07:37 - AudioVizMIDI.gui.processing_thread - INFO - [processing_thread.py:129] - ============================================================
2025-11-19 14:07:37 - AudioVizMIDI.gui.main_window - INFO - [main_window.py:688] - Processing completed successfully!
2025-11-19 14:07:37 - AudioVizMIDI.visualization.piano_roll_renderer - INFO - [piano_roll_renderer.py:89] - PianoRollRenderer initialized
2025-11-19 14:07:37 - AudioVizMIDI.visualization.piano_roll_renderer - INFO - [piano_roll_renderer.py:107] - MIDI data set: 363 notes, pitch range 37-82
2025-11-19 14:07:37 - AudioVizMIDI.visualization.pygame_widget - INFO - [pygame_widget.py:207] - Renderer set: PianoRollRenderer
2025-11-19 14:07:37 - AudioVizMIDI.visualization.piano_roll_renderer - INFO - [piano_roll_renderer.py:107] - MIDI data set: 363 notes, pitch range 37-82
2025-11-19 14:07:37 - AudioVizMIDI.visualization.pygame_widget - INFO - [pygame_widget.py:218] - MIDI data passed to renderer
2025-11-19 14:07:37 - AudioVizMIDI.playback.playback_controller - INFO - [playback_controller.py:88] - Loading audio file: C:/Users/brice.saah/Desktop/ASMR test  (Add Vocal).mp3
2025-11-19 14:07:37 - AudioVizMIDI.playback.playback_controller - INFO - [playback_controller.py:104] - Audio loaded: duration=196.51s
2025-11-19 14:07:37 - AudioVizMIDI.gui.main_window - INFO - [main_window.py:718] - Audio loaded for playback
2025-11-19 14:07:39 - AudioVizMIDI.gui.main_window - INFO - [main_window.py:1069] - Window size reset to default
2025-11-19 14:07:40 - AudioVizMIDI.gui.main_window - INFO - [main_window.py:1069] - Window size reset to default
2025-11-19 14:07:45 - AudioVizMIDI.gui.control_panel - INFO - [control_panel.py:228] - Play button clicked
2025-11-19 14:07:45 - AudioVizMIDI.gui.main_window - INFO - [main_window.py:756] - Play requested from control panel
2025-11-19 14:07:45 - AudioVizMIDI.playback.playback_controller - INFO - [playback_controller.py:120] - Starting playback
2025-11-19 14:07:51 - AudioVizMIDI.gui.control_panel - INFO - [control_panel.py:238] - Stop button clicked
2025-11-19 14:07:51 - AudioVizMIDI.gui.main_window - INFO - [main_window.py:772] - Stop requested from control panel
2025-11-19 14:07:51 - AudioVizMIDI.playback.playback_controller - INFO - [playback_controller.py:166] - Stopping playback
2025-11-19 14:08:18 - AudioVizMIDI.playback.playback_controller - INFO - [playback_controller.py:310] - Cleaning up playback controller
2025-11-19 14:08:18 - AudioVizMIDI.visualization.pygame_widget - INFO - [pygame_widget.py:253] - Cleaning up Pygame resources
2025-11-19 14:08:18 - AudioVizMIDI.utils.config - INFO - [config.py:101] - Configuration saved to config.json
2025-11-19 14:08:18 - AudioVizMIDI.gui.main_window - INFO - [main_window.py:1214] - Main window closing
2025-11-19 14:08:18 - AudioVizMIDI - INFO - [main.py:38] - Application shutting down
2025-11-19 14:08:18 - AudioVizMIDI - INFO - [main.py:39] - Exit code: 0
