2025-11-19 11:39:10 - AudioVizMIDI - INFO - [logger.py:63] - Logging system initialized
2025-11-19 11:39:10 - AudioVizMIDI - INFO - [logger.py:64] - Log file: logs/audioviz_20251119_113910.log
2025-11-19 11:39:10 - AudioVizMIDI - INFO - [main.py:16] - ============================================================
2025-11-19 11:39:10 - AudioVizMIDI - INFO - [main.py:17] - AudioViz MIDI Application Starting
2025-11-19 11:39:10 - AudioVizMIDI - INFO - [main.py:18] - ============================================================
2025-11-19 11:39:10 - AudioVizMIDI.utils.config - INFO - [config.py:84] - Configuration loaded from config.json
2025-11-19 11:39:11 - AudioVizMIDI.gui.main_window - INFO - [main_window.py:49] - Main window initialized
2025-11-19 11:39:11 - AudioVizMIDI - INFO - [main.py:32] - Main window displayed
2025-11-19 11:39:11 - AudioVizMIDI - INFO - [main.py:33] - Application ready
2025-11-19 11:39:18 - AudioVizMIDI.gui.file_drop_widget - INFO - [file_drop_widget.py:149] - File dropped: C:/Users/brice.saah/Desktop/TEST PROJECT/test_scale.wav
2025-11-19 11:39:18 - AudioVizMIDI.gui.main_window - INFO - [main_window.py:398] - File dropped: C:/Users/brice.saah/Desktop/TEST PROJECT/test_scale.wav
2025-11-19 11:39:18 - AudioVizMIDI.utils.config - INFO - [config.py:84] - Configuration loaded from config.json
2025-11-19 11:39:18 - AudioVizMIDI.audio.audio_loader - INFO - [audio_loader.py:53] - AudioLoader initialized
2025-11-19 11:39:18 - AudioVizMIDI.utils.config - INFO - [config.py:101] - Configuration saved to config.json
2025-11-19 11:39:21 - AudioVizMIDI.gui.main_window - INFO - [main_window.py:447] - Transcribe triggered
2025-11-19 11:39:38 - AudioVizMIDI.gui.main_window - INFO - [main_window.py:360] - Open file dialog triggered
2025-11-19 11:39:40 - AudioVizMIDI.gui.main_window - INFO - [main_window.py:374] - File selected: C:/Users/brice.saah/Desktop/TEST PROJECT/test_pitch_440hz.wav
2025-11-19 11:39:40 - AudioVizMIDI.utils.config - INFO - [config.py:101] - Configuration saved to config.json
2025-11-19 11:39:48 - AudioVizMIDI.gui.file_drop_widget - INFO - [file_drop_widget.py:149] - File dropped: C:/Users/brice.saah/Desktop/TEST PROJECT/test_scale.wav
2025-11-19 11:39:48 - AudioVizMIDI.gui.main_window - INFO - [main_window.py:398] - File dropped: C:/Users/brice.saah/Desktop/TEST PROJECT/test_scale.wav
2025-11-19 11:39:48 - AudioVizMIDI.utils.config - INFO - [config.py:84] - Configuration loaded from config.json
2025-11-19 11:39:48 - AudioVizMIDI.audio.audio_loader - INFO - [audio_loader.py:53] - AudioLoader initialized
2025-11-19 11:39:48 - AudioVizMIDI.utils.config - INFO - [config.py:101] - Configuration saved to config.json
2025-11-19 11:40:09 - AudioVizMIDI.gui.main_window - INFO - [main_window.py:544] - Window size reset to default
2025-11-19 11:40:21 - AudioVizMIDI.gui.file_drop_widget - INFO - [file_drop_widget.py:149] - File dropped: C:/Users/brice.saah/Desktop/TEST PROJECT/test_scale.wav
2025-11-19 11:40:21 - AudioVizMIDI.gui.main_window - INFO - [main_window.py:398] - File dropped: C:/Users/brice.saah/Desktop/TEST PROJECT/test_scale.wav
2025-11-19 11:40:21 - AudioVizMIDI.utils.config - INFO - [config.py:84] - Configuration loaded from config.json
2025-11-19 11:40:21 - AudioVizMIDI.audio.audio_loader - INFO - [audio_loader.py:53] - AudioLoader initialized
2025-11-19 11:40:21 - AudioVizMIDI.utils.config - INFO - [config.py:101] - Configuration saved to config.json
2025-11-19 11:43:28 - AudioVizMIDI.utils.config - INFO - [config.py:101] - Configuration saved to config.json
2025-11-19 11:43:28 - AudioVizMIDI.gui.main_window - INFO - [main_window.py:603] - Main window closing
2025-11-19 11:43:29 - AudioVizMIDI - INFO - [main.py:38] - Application shutting down
2025-11-19 11:43:29 - AudioVizMIDI - INFO - [main.py:39] - Exit code: 0
