2025-11-19 12:51:45 - AudioVizMIDI - INFO - [logger.py:63] - Logging system initialized
2025-11-19 12:51:45 - AudioVizMIDI - INFO - [logger.py:64] - Log file: logs/audioviz_20251119_125145.log
2025-11-19 12:51:45 - AudioVizMIDI - INFO - [main.py:16] - ============================================================
2025-11-19 12:51:45 - AudioVizMIDI - INFO - [main.py:17] - AudioViz MIDI Application Starting
2025-11-19 12:51:45 - AudioVizMIDI - INFO - [main.py:18] - ============================================================
2025-11-19 12:51:45 - AudioVizMIDI.utils.config - INFO - [config.py:84] - Configuration loaded from config.json
2025-11-19 12:51:45 - AudioVizMIDI.playback.playback_controller - INFO - [playback_controller.py:75] - Pygame mixer initialized
2025-11-19 12:51:45 - AudioVizMIDI.playback.playback_controller - INFO - [playback_controller.py:63] - PlaybackController initialized
2025-11-19 12:51:46 - AudioVizMIDI.visualization.pygame_widget - INFO - [pygame_widget.py:84] - Pygame initialized with surface size: (800, 480)
2025-11-19 12:51:46 - AudioVizMIDI.visualization.pygame_widget - INFO - [pygame_widget.py:113] - Pygame initialized with surface size: (800, 480)
2025-11-19 12:51:46 - AudioVizMIDI.visualization.pygame_widget - INFO - [pygame_widget.py:48] - PygameWidget initialized
2025-11-19 12:51:46 - AudioVizMIDI.gui.main_window - INFO - [main_window.py:63] - Main window initialized
2025-11-19 12:51:46 - AudioVizMIDI - INFO - [main.py:32] - Main window displayed
2025-11-19 12:51:46 - AudioVizMIDI - INFO - [main.py:33] - Application ready
2025-11-19 12:51:48 - AudioVizMIDI.playback.playback_controller - INFO - [playback_controller.py:310] - Cleaning up playback controller
2025-11-19 12:51:48 - AudioVizMIDI.visualization.pygame_widget - INFO - [pygame_widget.py:253] - Cleaning up Pygame resources
2025-11-19 12:51:48 - AudioVizMIDI.utils.config - INFO - [config.py:101] - Configuration saved to config.json
2025-11-19 12:51:48 - AudioVizMIDI.gui.main_window - INFO - [main_window.py:907] - Main window closing
2025-11-19 12:51:48 - AudioVizMIDI - INFO - [main.py:38] - Application shutting down
2025-11-19 12:51:48 - AudioVizMIDI - INFO - [main.py:39] - Exit code: 0
